Fri Apr 08 09:18:39 Saved as file D:\STUDENT\TME\2133\VANCA_RAFAEL_MARIAN\VANCAAMP01.LLB
Fri Apr 08 09:18:39 Loaded file D:\STUDENT\TME\2133\VANCA_RAFAEL_MARIAN\VANCAAMP01.LLB
Fri Apr 08 09:18:39 Saved as file D:\STUDENT\TME\2133\VANCA_RAFAEL_MARIAN\VANCAAMP01.LLB
Fri Apr 08 09:18:52 Loaded file D:\STUDENT\TME\2133\VANCA_RAFAEL_MARIAN\VANCAAMP01.LLB
Fri Apr 08 09:18:52 Saved as file D:\STUDENT\TME\2133\VANCA_RAFAEL_MARIAN\VANCAAMP01.LLB
Fri Apr 08 09:19:19 Loaded file D:\STUDENT\TME\2133\VANCA_RAFAEL_MARIAN\VANCAAMP01.LLB
Fri Apr 08 09:19:25 Loaded file d:\pf_orcad\Layout\data\template.imp
Fri Apr 08 09:28:58 Loaded file D:\STUDENT\TME\2131\CURCANUDAVID\COPIE.LLB
Fri Apr 08 09:28:58 Loaded file d:\pf_orcad\Layout\library\padstack.llb
Fri Apr 08 09:53:24 Loaded file D:\STUDENT\TME\2133\VANCA_RAFAEL_MARIAN\VANCAAMP01.LLB
Fri Apr 08 09:53:24 Saved as file D:\STUDENT\TME\2133\VANCA_RAFAEL_MARIAN\VANCAAMP01.LLB
Fri Apr 08 09:54:30 Loaded file D:\STUDENT\TME\2131\CURCANUDAVID\COPIE.LLB
Fri Apr 08 09:54:30 Loaded file d:\pf_orcad\Layout\library\padstack.llb
Fri Apr 08 09:55:05 Loaded file D:\STUDENT\TME\2131\CURCANUDAVID\COPIE.LLB
Fri Apr 08 09:55:05 Loaded file d:\pf_orcad\Layout\library\padstack.llb
Fri Apr 08 09:56:03 Loaded file D:\STUDENT\TME\2131\CURCANUDAVID\COPIE.LLB
Fri Apr 08 09:56:03 Loaded file d:\pf_orcad\Layout\library\padstack.llb
Fri Apr 08 09:59:14 Loaded file D:\STUDENT\TME\2131\CURCANUDAVID\COPIE.LLB
Fri Apr 08 09:59:14 Loaded file d:\pf_orcad\Layout\library\padstack.llb
Fri Apr 08 10:00:44 Loaded file D:\STUDENT\TME\2131\CURCANUDAVID\COPIE.LLB
Fri Apr 08 10:00:44 Loaded file d:\pf_orcad\Layout\library\padstack.llb
Fri Apr 08 10:01:05 Loaded file D:\STUDENT\TME\2131\CURCANUDAVID\COPIE.LLB
Fri Apr 08 10:01:05 Loaded file d:\pf_orcad\Layout\library\padstack.llb
Fri Apr 08 10:01:29 Loaded file D:\STUDENT\TME\2131\CURCANUDAVID\COPIE.LLB
Fri Apr 08 10:01:29 Loaded file d:\pf_orcad\Layout\library\padstack.llb
Fri Apr 08 10:01:33 Loaded file D:\STUDENT\TME\2131\CURCANUDAVID\COPIE.LLB
Fri Apr 08 10:01:33 Loaded file d:\pf_orcad\Layout\library\padstack.llb
Fri Apr 08 10:01:44 Loaded file D:\STUDENT\TME\2131\CURCANUDAVID\COPIE.LLB
Fri Apr 08 10:01:44 Loaded file d:\pf_orcad\Layout\library\padstack.llb
Fri Apr 08 10:02:12 Loaded file D:\STUDENT\TME\2131\CURCANUDAVID\COPIE.LLB
Fri Apr 08 10:02:12 Loaded file d:\pf_orcad\Layout\library\padstack.llb
Fri Apr 08 10:02:31 Loaded file D:\STUDENT\TME\2131\CURCANUDAVID\COPIE.LLB
Fri Apr 08 10:02:31 Loaded file d:\pf_orcad\Layout\library\padstack.llb
Fri Apr 08 10:02:40 Loaded file D:\STUDENT\TME\2131\CURCANUDAVID\COPIE.LLB
Fri Apr 08 10:02:40 Loaded file d:\pf_orcad\Layout\library\padstack.llb
Fri Apr 08 10:02:57 Loaded file D:\STUDENT\TME\2131\CURCANUDAVID\COPIE.LLB
Fri Apr 08 10:02:57 Loaded file d:\pf_orcad\Layout\library\padstack.llb
Fri Apr 08 10:03:16 Loaded file D:\STUDENT\TME\2131\CURCANUDAVID\COPIE.LLB
Fri Apr 08 10:03:16 Loaded file d:\pf_orcad\Layout\library\padstack.llb
Fri Apr 08 10:03:30 Loaded file D:\STUDENT\TME\2131\CURCANUDAVID\COPIE.LLB
Fri Apr 08 10:03:30 Loaded file d:\pf_orcad\Layout\library\padstack.llb
Fri Apr 08 10:04:12 Loaded file D:\STUDENT\TME\2131\CURCANUDAVID\COPIE.LLB
Fri Apr 08 10:04:12 Loaded file d:\pf_orcad\Layout\library\padstack.llb
Fri Apr 08 10:04:27 Loaded file D:\STUDENT\TME\2131\CURCANUDAVID\COPIE.LLB
Fri Apr 08 10:04:27 Loaded file d:\pf_orcad\Layout\library\padstack.llb
Fri Apr 08 10:04:37 Loaded file D:\STUDENT\TME\2131\CURCANUDAVID\COPIE.LLB
Fri Apr 08 10:04:37 Loaded file d:\pf_orcad\Layout\library\padstack.llb
Fri Apr 08 10:05:03 Loaded file D:\STUDENT\TME\2131\CURCANUDAVID\COPIE.LLB
Fri Apr 08 10:05:03 Loaded file d:\pf_orcad\Layout\library\padstack.llb
Fri Apr 08 10:05:11 Loaded file D:\STUDENT\TME\2131\CURCANUDAVID\COPIE.LLB
Fri Apr 08 10:05:11 Loaded file d:\pf_orcad\Layout\library\padstack.llb
Fri Apr 08 10:05:18 Loaded file D:\STUDENT\TME\2131\CURCANUDAVID\COPIE.LLB
Fri Apr 08 10:05:18 Loaded file d:\pf_orcad\Layout\library\padstack.llb
Fri Apr 08 10:05:32 Loaded file D:\STUDENT\TME\2131\CURCANUDAVID\COPIE.LLB
Fri Apr 08 10:05:32 Loaded file d:\pf_orcad\Layout\library\padstack.llb
Fri Apr 08 10:06:11 Loaded file D:\STUDENT\TME\2131\CURCANUDAVID\COPIE.LLB
Fri Apr 08 10:06:11 Loaded file d:\pf_orcad\Layout\library\padstack.llb
Fri Apr 08 10:06:17 Loaded file D:\STUDENT\TME\2131\CURCANUDAVID\COPIE.LLB
Fri Apr 08 10:06:17 Loaded file d:\pf_orcad\Layout\library\padstack.llb
Fri Apr 08 10:06:22 Loaded file D:\STUDENT\TME\2131\CURCANUDAVID\COPIE.LLB
Fri Apr 08 10:06:22 Loaded file d:\pf_orcad\Layout\library\padstack.llb
Fri Apr 08 10:06:24 Loaded file D:\STUDENT\TME\2131\CURCANUDAVID\COPIE.LLB
Fri Apr 08 10:06:24 Loaded file d:\pf_orcad\Layout\library\padstack.llb
Fri Apr 08 10:06:28 Loaded file D:\STUDENT\TME\2131\CURCANUDAVID\COPIE.LLB
Fri Apr 08 10:06:28 Loaded file d:\pf_orcad\Layout\library\padstack.llb
Fri Apr 08 10:06:31 Loaded file D:\STUDENT\TME\2131\CURCANUDAVID\COPIE.LLB
Fri Apr 08 10:06:31 Loaded file d:\pf_orcad\Layout\library\padstack.llb
Fri Apr 08 10:06:33 Loaded file D:\STUDENT\TME\2131\CURCANUDAVID\COPIE.LLB
Fri Apr 08 10:06:33 Loaded file d:\pf_orcad\Layout\library\padstack.llb
Fri Apr 08 10:06:35 Loaded file D:\STUDENT\TME\2131\CURCANUDAVID\COPIE.LLB
Fri Apr 08 10:06:35 Loaded file d:\pf_orcad\Layout\library\padstack.llb
Fri Apr 08 10:06:37 Loaded file D:\STUDENT\TME\2131\CURCANUDAVID\COPIE.LLB
Fri Apr 08 10:06:37 Loaded file d:\pf_orcad\Layout\library\padstack.llb
Fri Apr 08 10:06:40 Loaded file D:\STUDENT\TME\2131\CURCANUDAVID\COPIE.LLB
Fri Apr 08 10:06:40 Loaded file d:\pf_orcad\Layout\library\padstack.llb
Fri Apr 08 10:06:55 Loaded file D:\STUDENT\TME\2131\CURCANUDAVID\COPIE.LLB
Fri Apr 08 10:06:55 Loaded file d:\pf_orcad\Layout\library\padstack.llb
Fri Apr 08 10:07:00 Loaded file D:\STUDENT\TME\2131\CURCANUDAVID\COPIE.LLB
Fri Apr 08 10:07:00 Loaded file d:\pf_orcad\Layout\library\padstack.llb
Fri Apr 08 10:07:07 Loaded file D:\STUDENT\TME\2131\CURCANUDAVID\COPIE.LLB
Fri Apr 08 10:07:07 Loaded file d:\pf_orcad\Layout\library\padstack.llb
Fri Apr 08 10:07:12 Loaded file D:\STUDENT\TME\2131\CURCANUDAVID\COPIE.LLB
Fri Apr 08 10:07:12 Loaded file d:\pf_orcad\Layout\library\padstack.llb
Fri Apr 08 10:07:25 Loaded file D:\STUDENT\TME\2131\CURCANUDAVID\COPIE.LLB
Fri Apr 08 10:07:25 Loaded file d:\pf_orcad\Layout\library\padstack.llb
Fri Apr 08 10:07:31 Loaded file D:\STUDENT\TME\2131\CURCANUDAVID\COPIE.LLB
Fri Apr 08 10:07:31 Loaded file d:\pf_orcad\Layout\library\padstack.llb
Fri Apr 08 10:07:38 Loaded file D:\STUDENT\TME\2131\CURCANUDAVID\COPIE.LLB
Fri Apr 08 10:07:38 Loaded file d:\pf_orcad\Layout\library\padstack.llb
Fri Apr 08 10:07:55 Loaded file D:\STUDENT\TME\2131\CURCANUDAVID\COPIE.LLB
Fri Apr 08 10:07:55 Loaded file d:\pf_orcad\Layout\library\padstack.llb
Fri Apr 08 10:08:01 Loaded file D:\STUDENT\TME\2131\CURCANUDAVID\COPIE.LLB
Fri Apr 08 10:08:01 Loaded file d:\pf_orcad\Layout\library\padstack.llb
Fri Apr 08 10:08:06 Loaded file D:\STUDENT\TME\2131\CURCANUDAVID\COPIE.LLB
Fri Apr 08 10:08:06 Loaded file d:\pf_orcad\Layout\library\padstack.llb
Fri Apr 08 10:08:10 Loaded file D:\STUDENT\TME\2131\CURCANUDAVID\COPIE.LLB
Fri Apr 08 10:08:10 Loaded file d:\pf_orcad\Layout\library\padstack.llb
Fri Apr 08 10:08:14 Loaded file D:\STUDENT\TME\2131\CURCANUDAVID\COPIE.LLB
Fri Apr 08 10:08:14 Loaded file d:\pf_orcad\Layout\library\padstack.llb
Fri Apr 08 10:08:18 Loaded file D:\STUDENT\TME\2131\CURCANUDAVID\COPIE.LLB
Fri Apr 08 10:08:18 Loaded file d:\pf_orcad\Layout\library\padstack.llb
Fri Apr 08 10:08:24 Loaded file D:\STUDENT\TME\2131\CURCANUDAVID\COPIE.LLB
Fri Apr 08 10:08:24 Loaded file d:\pf_orcad\Layout\library\padstack.llb
Fri Apr 08 10:08:27 Loaded file D:\STUDENT\TME\2131\CURCANUDAVID\COPIE.LLB
Fri Apr 08 10:08:27 Loaded file d:\pf_orcad\Layout\library\padstack.llb
Fri Apr 08 10:08:31 Loaded file D:\STUDENT\TME\2131\CURCANUDAVID\COPIE.LLB
Fri Apr 08 10:08:31 Loaded file d:\pf_orcad\Layout\library\padstack.llb
Fri Apr 08 10:08:34 Loaded file D:\STUDENT\TME\2131\CURCANUDAVID\COPIE.LLB
Fri Apr 08 10:08:34 Loaded file d:\pf_orcad\Layout\library\padstack.llb
Fri Apr 08 10:08:39 Loaded file D:\STUDENT\TME\2131\CURCANUDAVID\COPIE.LLB
Fri Apr 08 10:08:39 Loaded file d:\pf_orcad\Layout\library\padstack.llb
Fri Apr 08 10:08:52 Loaded file D:\STUDENT\TME\2131\CURCANUDAVID\COPIE.LLB
Fri Apr 08 10:08:52 Loaded file d:\pf_orcad\Layout\library\padstack.llb
Fri Apr 08 10:08:58 Loaded file D:\STUDENT\TME\2131\CURCANUDAVID\COPIE.LLB
Fri Apr 08 10:08:58 Loaded file d:\pf_orcad\Layout\library\padstack.llb
Fri Apr 08 10:09:11 Loaded file D:\STUDENT\TME\2131\CURCANUDAVID\COPIE.LLB
Fri Apr 08 10:09:11 Loaded file d:\pf_orcad\Layout\library\padstack.llb
Fri Apr 08 10:09:16 Loaded file D:\STUDENT\TME\2131\CURCANUDAVID\COPIE.LLB
Fri Apr 08 10:09:16 Loaded file d:\pf_orcad\Layout\library\padstack.llb
Fri Apr 08 10:09:21 Loaded file D:\STUDENT\TME\2131\CURCANUDAVID\COPIE.LLB
Fri Apr 08 10:09:21 Loaded file d:\pf_orcad\Layout\library\padstack.llb
Fri Apr 08 10:09:25 Loaded file D:\STUDENT\TME\2131\CURCANUDAVID\COPIE.LLB
Fri Apr 08 10:09:25 Loaded file d:\pf_orcad\Layout\library\padstack.llb
Fri Apr 08 10:09:29 Loaded file D:\STUDENT\TME\2131\CURCANUDAVID\COPIE.LLB
Fri Apr 08 10:09:29 Loaded file d:\pf_orcad\Layout\library\padstack.llb
Fri Apr 08 10:09:34 Loaded file D:\STUDENT\TME\2131\CURCANUDAVID\COPIE.LLB
Fri Apr 08 10:09:34 Loaded file d:\pf_orcad\Layout\library\padstack.llb
Fri Apr 08 10:09:38 Loaded file D:\STUDENT\TME\2131\CURCANUDAVID\COPIE.LLB
Fri Apr 08 10:09:38 Loaded file d:\pf_orcad\Layout\library\padstack.llb
Fri Apr 08 10:09:43 Loaded file D:\STUDENT\TME\2131\CURCANUDAVID\COPIE.LLB
Fri Apr 08 10:09:43 Loaded file d:\pf_orcad\Layout\library\padstack.llb
Fri Apr 08 10:13:18 Loaded file D:\STUDENT\TME\2131\CURCANUDAVID\COPIE.LLB
Fri Apr 08 10:13:18 Loaded file d:\pf_orcad\Layout\library\padstack.llb
Fri Apr 08 10:13:45 Loaded file D:\STUDENT\TME\2131\CURCANUDAVID\COPIE.LLB
Fri Apr 08 10:13:45 Loaded file d:\pf_orcad\Layout\library\padstack.llb
Fri Apr 08 10:21:16 Loaded file d:\pf_orcad\Layout\data\template.imp
Fri Apr 08 10:21:48 Loaded file D:\STUDENT\TME\2131\CURCANUDAVID\COPIE.LLB
Fri Apr 08 10:21:48 Loaded file d:\pf_orcad\Layout\library\padstack.llb
Fri Apr 08 10:22:38 Loaded file D:\STUDENT\TME\2131\CURCANUDAVID\COPIE.LLB
Fri Apr 08 10:22:38 Loaded file d:\pf_orcad\Layout\library\padstack.llb
Fri Apr 08 10:22:42 Loaded file D:\STUDENT\TME\2131\CURCANUDAVID\COPIE.LLB
Fri Apr 08 10:22:42 Loaded file d:\pf_orcad\Layout\library\padstack.llb
Fri Apr 08 10:22:44 Loaded file D:\STUDENT\TME\2131\CURCANUDAVID\COPIE.LLB
Fri Apr 08 10:22:44 Loaded file d:\pf_orcad\Layout\library\padstack.llb
Fri Apr 08 10:22:46 Loaded file D:\STUDENT\TME\2131\CURCANUDAVID\COPIE.LLB
Fri Apr 08 10:22:46 Loaded file d:\pf_orcad\Layout\library\padstack.llb
Fri Apr 08 10:22:48 Loaded file D:\STUDENT\TME\2131\CURCANUDAVID\COPIE.LLB
Fri Apr 08 10:22:48 Loaded file d:\pf_orcad\Layout\library\padstack.llb
Fri Apr 08 10:22:51 Loaded file D:\STUDENT\TME\2131\CURCANUDAVID\COPIE.LLB
Fri Apr 08 10:22:51 Loaded file d:\pf_orcad\Layout\library\padstack.llb
Fri Apr 08 10:22:53 Loaded file D:\STUDENT\TME\2131\CURCANUDAVID\COPIE.LLB
Fri Apr 08 10:22:53 Loaded file d:\pf_orcad\Layout\library\padstack.llb
Fri Apr 08 10:22:55 Loaded file D:\STUDENT\TME\2131\CURCANUDAVID\COPIE.LLB
Fri Apr 08 10:22:55 Loaded file d:\pf_orcad\Layout\library\padstack.llb
Fri Apr 08 10:22:57 Loaded file D:\STUDENT\TME\2131\CURCANUDAVID\COPIE.LLB
Fri Apr 08 10:22:57 Loaded file d:\pf_orcad\Layout\library\padstack.llb
Fri Apr 08 10:22:59 Loaded file D:\STUDENT\TME\2131\CURCANUDAVID\COPIE.LLB
Fri Apr 08 10:22:59 Loaded file d:\pf_orcad\Layout\library\padstack.llb
Fri Apr 08 10:23:03 Loaded file D:\STUDENT\TME\2131\CURCANUDAVID\COPIE.LLB
Fri Apr 08 10:23:03 Loaded file d:\pf_orcad\Layout\library\padstack.llb
Fri Apr 08 10:23:09 Loaded file D:\STUDENT\TME\2131\CURCANUDAVID\COPIE.LLB
Fri Apr 08 10:23:09 Loaded file d:\pf_orcad\Layout\library\padstack.llb
Fri Apr 08 10:23:11 Loaded file D:\STUDENT\TME\2131\CURCANUDAVID\COPIE.LLB
Fri Apr 08 10:23:11 Loaded file d:\pf_orcad\Layout\library\padstack.llb
Fri Apr 08 10:23:16 Loaded file D:\STUDENT\TME\2131\CURCANUDAVID\COPIE.LLB
Fri Apr 08 10:23:16 Loaded file d:\pf_orcad\Layout\library\padstack.llb
Fri Apr 08 10:23:23 Loaded file D:\STUDENT\TME\2131\CURCANUDAVID\COPIE.LLB
Fri Apr 08 10:23:23 Loaded file d:\pf_orcad\Layout\library\padstack.llb
Fri Apr 08 10:23:41 Loaded file D:\STUDENT\TME\2131\CURCANUDAVID\COPIE.LLB
Fri Apr 08 10:23:41 Loaded file d:\pf_orcad\Layout\library\padstack.llb
Fri Apr 08 10:24:11 Loaded file d:\pf_orcad\Layout\data\template.imp
Fri Apr 08 10:24:12 Loaded file d:\pf_orcad\Layout\data\template.imp
Fri Apr 08 10:24:14 Loaded file D:\STUDENT\TME\2131\CURCANUDAVID\COPIE.LLB
Fri Apr 08 10:24:14 Loaded file d:\pf_orcad\Layout\library\padstack.llb
Fri Apr 08 10:24:42 Loaded file d:\pf_orcad\Layout\data\template.imp
Fri Apr 08 10:25:05 Loaded file D:\STUDENT\TME\2131\CURCANUDAVID\COPIE.LLB
Fri Apr 08 10:25:05 Loaded file d:\pf_orcad\Layout\library\padstack.llb
Fri Apr 08 10:25:25 Loaded file D:\STUDENT\TME\2133\CHINDRIS_MARIUS_RAZVAN\AT.LLB
Fri Apr 08 10:25:27 Loaded file d:\pf_orcad\Layout\data\template.imp
Fri Apr 08 10:25:30 Loaded file D:\STUDENT\TME\2131\CURCANUDAVID\COPIE.LLB
Fri Apr 08 10:25:31 Loaded file D:\STUDENT\TME\2132\BREAZGEORGE\AMPRENTEBGI\AMPRENTEBGI.LLB
Fri Apr 08 10:25:33 Loaded file d:\pf_orcad\Layout\data\template.imp
Fri Apr 08 10:25:34 Loaded file d:\pf_orcad\Layout\data\template.imp
Fri Apr 08 10:25:41 Loaded file D:\STUDENT\TME\2131\CURCANUDAVID\COPIE.LLB
Fri Apr 08 10:25:41 Loaded file d:\pf_orcad\Layout\library\padstack.llb
Fri Apr 08 10:26:10 Loaded file D:\STUDENT\TME\2133\VANCA_RAFAEL_MARIAN\VANCAAMP01.LLB
Fri Apr 08 10:26:17 Loaded file d:\pf_orcad\Layout\data\template.imp
Fri Apr 08 10:26:19 Loaded file d:\pf_orcad\Layout\data\template.imp
Fri Apr 08 10:26:38 Loaded file D:\STUDENT\TME\2131\CURCANUDAVID\COPIE.LLB
Fri Apr 08 10:26:38 Loaded file d:\pf_orcad\Layout\library\padstack.llb
Fri Apr 08 10:27:01 Loaded file D:\STUDENT\TME\2131\CURCANUDAVID\COPIE.LLB
Fri Apr 08 10:27:01 Loaded file d:\pf_orcad\Layout\library\padstack.llb
Fri Apr 08 10:27:53 Loaded file d:\pf_orcad\Layout\data\template.imp
Fri Apr 08 10:28:19 Loaded file d:\pf_orcad\Layout\data\template.imp
Fri Apr 08 10:28:22 Loaded file D:\STUDENT\TME\2131\CURCANUDAVID\COPIE.LLB
Fri Apr 08 10:28:22 Loaded file d:\pf_orcad\Layout\library\padstack.llb
Fri Apr 08 10:28:35 Loaded file d:\pf_orcad\Layout\data\template.imp
Fri Apr 08 10:28:39 Loaded file D:\STUDENT\TME\2131\CURCANUDAVID\COPIE.LLB
Fri Apr 08 10:28:39 Loaded file d:\pf_orcad\Layout\library\padstack.llb
Fri Apr 08 10:33:33 Loaded file D:\STUDENT\TME\2133\VANCA_RAFAEL_MARIAN\VANCAAMP01.LLB
Fri Apr 08 10:33:33 Saved as file D:\STUDENT\TME\2133\VANCA_RAFAEL_MARIAN\VANCAAMP01.LLB
Fri Apr 08 10:33:34 Loaded file D:\STUDENT\TME\2133\VANCA_RAFAEL_MARIAN\VANCAAMP01.LLB
Fri Apr 08 10:33:34 Saved as file D:\STUDENT\TME\2133\VANCA_RAFAEL_MARIAN\VANCAAMP01.LLB
Fri Apr 08 10:33:39 Loaded file D:\STUDENT\TME\2131\CURCANUDAVID\COPIE.LLB
Fri Apr 08 10:33:39 Loaded file d:\pf_orcad\Layout\library\padstack.llb
Fri Apr 08 10:34:09 Loaded file D:\STUDENT\TME\2133\VANCA_RAFAEL_MARIAN\VANCAAMP01.LLB
Fri Apr 08 10:34:09 Saved as file D:\STUDENT\TME\2133\VANCA_RAFAEL_MARIAN\VANCAAMP01.LLB
Fri Apr 08 10:34:25 Loaded file D:\STUDENT\TME\2131\CURCANUDAVID\COPIE.LLB
Fri Apr 08 10:34:25 Loaded file d:\pf_orcad\Layout\library\padstack.llb
Fri Apr 08 10:34:30 Loaded file D:\STUDENT\TME\2131\CURCANUDAVID\COPIE.LLB
Fri Apr 08 10:34:30 Loaded file d:\pf_orcad\Layout\library\padstack.llb
Fri Apr 08 10:34:32 Loaded file D:\STUDENT\TME\2131\CURCANUDAVID\COPIE.LLB
Fri Apr 08 10:34:32 Loaded file d:\pf_orcad\Layout\library\padstack.llb
Fri Apr 08 10:34:33 Loaded file D:\STUDENT\TME\2131\CURCANUDAVID\COPIE.LLB
Fri Apr 08 10:34:34 Loaded file d:\pf_orcad\Layout\library\padstack.llb
Fri Apr 08 10:34:36 Loaded file D:\STUDENT\TME\2131\CURCANUDAVID\COPIE.LLB
Fri Apr 08 10:34:36 Loaded file d:\pf_orcad\Layout\library\padstack.llb
Fri Apr 08 10:34:37 Loaded file D:\STUDENT\TME\2131\CURCANUDAVID\COPIE.LLB
Fri Apr 08 10:34:37 Loaded file d:\pf_orcad\Layout\library\padstack.llb
Fri Apr 08 10:34:40 Loaded file D:\STUDENT\TME\2131\CURCANUDAVID\COPIE.LLB
Fri Apr 08 10:34:40 Loaded file d:\pf_orcad\Layout\library\padstack.llb
Fri Apr 08 10:34:41 Loaded file D:\STUDENT\TME\2131\CURCANUDAVID\COPIE.LLB
Fri Apr 08 10:34:41 Loaded file d:\pf_orcad\Layout\library\padstack.llb
Fri Apr 08 10:34:44 Loaded file D:\STUDENT\TME\2131\CURCANUDAVID\COPIE.LLB
Fri Apr 08 10:34:44 Loaded file d:\pf_orcad\Layout\library\padstack.llb
Fri Apr 08 10:34:46 Loaded file D:\STUDENT\TME\2131\CURCANUDAVID\COPIE.LLB
Fri Apr 08 10:34:46 Loaded file d:\pf_orcad\Layout\library\padstack.llb
Fri Apr 08 10:34:48 Loaded file D:\STUDENT\TME\2131\CURCANUDAVID\COPIE.LLB
Fri Apr 08 10:34:48 Loaded file d:\pf_orcad\Layout\library\padstack.llb
Fri Apr 08 10:34:56 Loaded file D:\STUDENT\TME\2131\CURCANUDAVID\COPIE.LLB
Fri Apr 08 10:34:56 Loaded file d:\pf_orcad\Layout\library\padstack.llb
Fri Apr 08 10:35:02 Loaded file D:\STUDENT\TME\2131\CURCANUDAVID\COPIE.LLB
Fri Apr 08 10:35:02 Loaded file d:\pf_orcad\Layout\library\padstack.llb
Fri Apr 08 10:35:05 Loaded file D:\STUDENT\TME\2131\CURCANUDAVID\COPIE.LLB
Fri Apr 08 10:35:05 Loaded file d:\pf_orcad\Layout\library\padstack.llb
Fri Apr 08 10:35:09 Loaded file D:\STUDENT\TME\2131\CURCANUDAVID\COPIE.LLB
Fri Apr 08 10:35:09 Loaded file d:\pf_orcad\Layout\library\padstack.llb
Fri Apr 08 10:35:14 Loaded file D:\STUDENT\TME\2131\CURCANUDAVID\COPIE.LLB
Fri Apr 08 10:35:14 Loaded file d:\pf_orcad\Layout\library\padstack.llb
Fri Apr 08 10:35:18 Loaded file D:\STUDENT\TME\2131\CURCANUDAVID\COPIE.LLB
Fri Apr 08 10:35:18 Loaded file d:\pf_orcad\Layout\library\padstack.llb
Fri Apr 08 10:35:22 Loaded file D:\STUDENT\TME\2131\CURCANUDAVID\COPIE.LLB
Fri Apr 08 10:35:22 Loaded file d:\pf_orcad\Layout\library\padstack.llb
Fri Apr 08 10:35:25 Loaded file D:\STUDENT\TME\2131\CURCANUDAVID\COPIE.LLB
Fri Apr 08 10:35:25 Loaded file d:\pf_orcad\Layout\library\padstack.llb
Fri Apr 08 10:35:29 Loaded file D:\STUDENT\TME\2131\CURCANUDAVID\COPIE.LLB
Fri Apr 08 10:35:29 Loaded file d:\pf_orcad\Layout\library\padstack.llb
Fri Apr 08 10:35:36 Loaded file D:\STUDENT\TME\2131\CURCANUDAVID\COPIE.LLB
Fri Apr 08 10:35:36 Loaded file d:\pf_orcad\Layout\library\padstack.llb
Fri Apr 08 10:35:57 Loaded file D:\STUDENT\TME\2131\CURCANUDAVID\COPIE.LLB
Fri Apr 08 10:35:57 Loaded file d:\pf_orcad\Layout\library\padstack.llb
Fri Apr 08 10:36:19 Loaded file D:\STUDENT\TME\2131\CURCANUDAVID\COPIE.LLB
Fri Apr 08 10:36:19 Loaded file d:\pf_orcad\Layout\library\padstack.llb
Fri Apr 08 10:37:55 Loaded file D:\STUDENT\TME\2131\CURCANUDAVID\COPIE.LLB
Fri Apr 08 10:37:55 Loaded file d:\pf_orcad\Layout\library\padstack.llb
Fri Apr 08 10:37:58 Loaded file D:\STUDENT\TME\2131\CURCANUDAVID\COPIE.LLB
Fri Apr 08 10:37:58 Loaded file d:\pf_orcad\Layout\library\padstack.llb
Fri Apr 08 10:38:02 Loaded file D:\STUDENT\TME\2131\CURCANUDAVID\COPIE.LLB
Fri Apr 08 10:38:02 Loaded file d:\pf_orcad\Layout\library\padstack.llb
Fri Apr 08 10:38:13 Loaded file D:\STUDENT\TME\2131\CURCANUDAVID\COPIE.LLB
Fri Apr 08 10:38:13 Loaded file d:\pf_orcad\Layout\library\padstack.llb
Fri Apr 08 10:38:15 Loaded file D:\STUDENT\TME\2131\CURCANUDAVID\COPIE.LLB
Fri Apr 08 10:38:15 Loaded file d:\pf_orcad\Layout\library\padstack.llb
Fri Apr 08 10:38:46 Loaded file D:\STUDENT\TME\2131\CURCANUDAVID\COPIE.LLB
Fri Apr 08 10:38:46 Loaded file d:\pf_orcad\Layout\library\padstack.llb
Fri Apr 08 10:38:53 Loaded file D:\STUDENT\TME\2131\CURCANUDAVID\COPIE.LLB
Fri Apr 08 10:38:53 Loaded file d:\pf_orcad\Layout\library\padstack.llb
Fri Apr 08 10:38:57 Loaded file D:\STUDENT\TME\2131\CURCANUDAVID\COPIE.LLB
Fri Apr 08 10:38:57 Loaded file d:\pf_orcad\Layout\library\padstack.llb
Fri Apr 08 10:39:01 Loaded file D:\STUDENT\TME\2131\CURCANUDAVID\COPIE.LLB
Fri Apr 08 10:39:01 Loaded file d:\pf_orcad\Layout\library\padstack.llb
Fri Apr 08 10:39:05 Loaded file D:\STUDENT\TME\2131\CURCANUDAVID\COPIE.LLB
Fri Apr 08 10:39:05 Loaded file d:\pf_orcad\Layout\library\padstack.llb
Fri Apr 08 10:39:09 Loaded file D:\STUDENT\TME\2131\CURCANUDAVID\COPIE.LLB
Fri Apr 08 10:39:09 Loaded file d:\pf_orcad\Layout\library\padstack.llb
Fri Apr 08 10:39:12 Loaded file D:\STUDENT\TME\2131\CURCANUDAVID\COPIE.LLB
Fri Apr 08 10:39:12 Loaded file d:\pf_orcad\Layout\library\padstack.llb
Fri Apr 08 10:39:16 Loaded file D:\STUDENT\TME\2131\CURCANUDAVID\COPIE.LLB
Fri Apr 08 10:39:16 Loaded file d:\pf_orcad\Layout\library\padstack.llb
Fri Apr 08 10:39:19 Loaded file D:\STUDENT\TME\2131\CURCANUDAVID\COPIE.LLB
Fri Apr 08 10:39:19 Loaded file d:\pf_orcad\Layout\library\padstack.llb
Fri Apr 08 10:39:22 Loaded file D:\STUDENT\TME\2131\CURCANUDAVID\COPIE.LLB
Fri Apr 08 10:39:22 Loaded file d:\pf_orcad\Layout\library\padstack.llb
Fri Apr 08 10:39:28 Loaded file D:\STUDENT\TME\2131\CURCANUDAVID\COPIE.LLB
Fri Apr 08 10:39:28 Loaded file d:\pf_orcad\Layout\library\padstack.llb
Fri Apr 08 10:39:43 Loaded file D:\STUDENT\TME\2131\CURCANUDAVID\COPIE.LLB
Fri Apr 08 10:39:43 Loaded file d:\pf_orcad\Layout\library\padstack.llb
Fri Apr 08 10:39:46 Loaded file D:\STUDENT\TME\2131\CURCANUDAVID\COPIE.LLB
Fri Apr 08 10:39:46 Loaded file d:\pf_orcad\Layout\library\padstack.llb
Fri Apr 08 10:39:50 Loaded file D:\STUDENT\TME\2131\CURCANUDAVID\COPIE.LLB
Fri Apr 08 10:39:50 Loaded file d:\pf_orcad\Layout\library\padstack.llb
Fri Apr 08 10:40:00 Loaded file D:\STUDENT\TME\2131\CURCANUDAVID\COPIE.LLB
Fri Apr 08 10:40:00 Loaded file d:\pf_orcad\Layout\library\padstack.llb
Fri Apr 08 10:40:03 Loaded file D:\STUDENT\TME\2131\CURCANUDAVID\COPIE.LLB
Fri Apr 08 10:40:03 Loaded file d:\pf_orcad\Layout\library\padstack.llb
Fri Apr 08 10:40:08 Loaded file D:\STUDENT\TME\2131\CURCANUDAVID\COPIE.LLB
Fri Apr 08 10:40:08 Loaded file d:\pf_orcad\Layout\library\padstack.llb
Fri Apr 08 10:40:15 Loaded file D:\STUDENT\TME\2131\CURCANUDAVID\COPIE.LLB
Fri Apr 08 10:40:15 Loaded file d:\pf_orcad\Layout\library\padstack.llb
Fri Apr 08 10:40:22 Loaded file D:\STUDENT\TME\2131\CURCANUDAVID\COPIE.LLB
Fri Apr 08 10:40:22 Loaded file d:\pf_orcad\Layout\library\padstack.llb
Fri Apr 08 10:40:28 Loaded file D:\STUDENT\TME\2131\CURCANUDAVID\COPIE.LLB
Fri Apr 08 10:40:28 Loaded file d:\pf_orcad\Layout\library\padstack.llb
Fri Apr 08 10:40:35 Loaded file D:\STUDENT\TME\2131\CURCANUDAVID\COPIE.LLB
Fri Apr 08 10:40:35 Loaded file d:\pf_orcad\Layout\library\padstack.llb
Fri Apr 08 10:40:42 Loaded file D:\STUDENT\TME\2131\CURCANUDAVID\COPIE.LLB
Fri Apr 08 10:40:42 Loaded file d:\pf_orcad\Layout\library\padstack.llb
Fri Apr 08 10:40:45 Loaded file D:\STUDENT\TME\2131\CURCANUDAVID\COPIE.LLB
Fri Apr 08 10:40:45 Loaded file d:\pf_orcad\Layout\library\padstack.llb
Fri Apr 08 10:40:49 Loaded file D:\STUDENT\TME\2131\CURCANUDAVID\COPIE.LLB
Fri Apr 08 10:40:49 Loaded file d:\pf_orcad\Layout\library\padstack.llb
Fri Apr 08 10:40:52 Loaded file D:\STUDENT\TME\2131\CURCANUDAVID\COPIE.LLB
Fri Apr 08 10:40:52 Loaded file d:\pf_orcad\Layout\library\padstack.llb
Fri Apr 08 10:40:59 Loaded file D:\STUDENT\TME\2131\CURCANUDAVID\COPIE.LLB
Fri Apr 08 10:40:59 Loaded file d:\pf_orcad\Layout\library\padstack.llb
Fri Apr 08 10:41:02 Loaded file D:\STUDENT\TME\2131\CURCANUDAVID\COPIE.LLB
Fri Apr 08 10:41:02 Loaded file d:\pf_orcad\Layout\library\padstack.llb
Fri Apr 08 10:41:08 Loaded file D:\STUDENT\TME\2131\CURCANUDAVID\COPIE.LLB
Fri Apr 08 10:41:08 Loaded file d:\pf_orcad\Layout\library\padstack.llb
Fri Apr 08 10:41:12 Loaded file D:\STUDENT\TME\2131\CURCANUDAVID\COPIE.LLB
Fri Apr 08 10:41:12 Loaded file d:\pf_orcad\Layout\library\padstack.llb
Fri Apr 08 10:41:16 Loaded file D:\STUDENT\TME\2131\CURCANUDAVID\COPIE.LLB
Fri Apr 08 10:41:16 Loaded file d:\pf_orcad\Layout\library\padstack.llb
Fri Apr 08 10:41:22 Loaded file D:\STUDENT\TME\2133\VANCA_RAFAEL_MARIAN\VANCAAMP01.LLB
Fri Apr 08 10:41:22 Saved as file D:\STUDENT\TME\2133\VANCA_RAFAEL_MARIAN\VANCAAMP01.LLB
Fri Apr 08 10:43:43 Loaded file D:\STUDENT\TME\2132\BREAZGEORGE\AMPRENTEBGI\AMPRENTEBGI.LLB
Fri Apr 08 10:43:45 Loaded file d:\pf_orcad\Layout\data\template.imp
Fri Apr 08 10:43:46 Loaded file d:\pf_orcad\Layout\data\template.imp
Fri Apr 08 10:43:48 Loaded file d:\pf_orcad\Layout\data\template.imp
Fri Apr 08 10:44:00 Loaded file D:\STUDENT\TME\2133\VANCA_RAFAEL_MARIAN\VANCAAMP01.LLB
Fri Apr 08 10:44:00 Saved as file D:\STUDENT\TME\2133\VANCA_RAFAEL_MARIAN\VANCAAMP01.LLB
Fri Apr 08 10:44:03 Loaded file D:\STUDENT\TME\2133\VANCA_RAFAEL_MARIAN\VANCAAMP01.LLB
Fri Apr 08 10:44:04 Loaded file d:\pf_orcad\Layout\data\template.imp
Fri Apr 08 10:44:15 Loaded file D:\STUDENT\TME\2133\VANCA_RAFAEL_MARIAN\VANCAAMP01.LLB
Fri Apr 08 10:44:15 Saved as file D:\STUDENT\TME\2133\VANCA_RAFAEL_MARIAN\VANCAAMP01.LLB
Fri Apr 08 10:44:17 Loaded file D:\STUDENT\TME\2133\CHINDRIS_MARIUS_RAZVAN\AT.LLB
Fri Apr 08 10:44:17 Loaded file D:\STUDENT\TME\2133\VANCA_RAFAEL_MARIAN\VANCAAMP01.LLB
Fri Apr 08 10:44:18 Loaded file d:\pf_orcad\Layout\data\template.imp
Fri Apr 08 10:47:15 Loaded file D:\STUDENT\TME\2131\CURCANUDAVID\COPIE.LLB
Fri Apr 08 10:47:15 Loaded file d:\pf_orcad\Layout\library\padstack.llb
Fri Apr 08 10:47:29 Loaded file D:\STUDENT\TME\2131\CURCANUDAVID\COPIE.LLB
Fri Apr 08 10:47:29 Loaded file d:\pf_orcad\Layout\library\padstack.llb
Fri Apr 08 10:47:40 Loaded file D:\STUDENT\TME\2131\CURCANUDAVID\COPIE.LLB
Fri Apr 08 10:47:40 Loaded file d:\pf_orcad\Layout\library\padstack.llb
Fri Apr 08 10:47:45 Loaded file D:\STUDENT\TME\2131\CURCANUDAVID\COPIE.LLB
Fri Apr 08 10:47:45 Loaded file d:\pf_orcad\Layout\library\padstack.llb
Fri Apr 08 10:47:52 Loaded file D:\STUDENT\TME\2131\CURCANUDAVID\COPIE.LLB
Fri Apr 08 10:47:52 Loaded file d:\pf_orcad\Layout\library\padstack.llb
Fri Apr 08 10:47:55 Loaded file D:\STUDENT\TME\2131\CURCANUDAVID\COPIE.LLB
Fri Apr 08 10:47:55 Loaded file d:\pf_orcad\Layout\library\padstack.llb
Fri Apr 08 10:47:58 Loaded file D:\STUDENT\TME\2131\CURCANUDAVID\COPIE.LLB
Fri Apr 08 10:47:58 Loaded file d:\pf_orcad\Layout\library\padstack.llb
Fri Apr 08 10:48:01 Loaded file D:\STUDENT\TME\2131\CURCANUDAVID\COPIE.LLB
Fri Apr 08 10:48:01 Loaded file d:\pf_orcad\Layout\library\padstack.llb
Fri Apr 08 10:48:05 Loaded file D:\STUDENT\TME\2131\CURCANUDAVID\COPIE.LLB
Fri Apr 08 10:48:05 Loaded file d:\pf_orcad\Layout\library\padstack.llb
Fri Apr 08 10:48:08 Loaded file D:\STUDENT\TME\2131\CURCANUDAVID\COPIE.LLB
Fri Apr 08 10:48:08 Loaded file d:\pf_orcad\Layout\library\padstack.llb
Fri Apr 08 10:48:11 Loaded file D:\STUDENT\TME\2131\CURCANUDAVID\COPIE.LLB
Fri Apr 08 10:48:11 Loaded file d:\pf_orcad\Layout\library\padstack.llb
Fri Apr 08 10:48:14 Loaded file D:\STUDENT\TME\2131\CURCANUDAVID\COPIE.LLB
Fri Apr 08 10:48:14 Loaded file d:\pf_orcad\Layout\library\padstack.llb
Fri Apr 08 10:48:16 Loaded file D:\STUDENT\TME\2131\CURCANUDAVID\COPIE.LLB
Fri Apr 08 10:48:16 Loaded file d:\pf_orcad\Layout\library\padstack.llb
Fri Apr 08 10:48:24 Loaded file D:\STUDENT\TME\2133\VANCA_RAFAEL_MARIAN\VANCAAMP01.LLB
Fri Apr 08 10:48:24 Saved as file D:\STUDENT\TME\2133\VANCA_RAFAEL_MARIAN\VANCAAMP01.LLB
Fri Apr 08 10:50:14 Loaded file D:\STUDENT\TME\2133\VANCA_RAFAEL_MARIAN\VANCAAMP01.LLB
Fri Apr 08 10:50:14 Saved as file D:\STUDENT\TME\2133\VANCA_RAFAEL_MARIAN\VANCAAMP01.LLB
Fri Apr 08 10:51:38 Loaded file D:\STUDENT\TME\2133\VANCA_RAFAEL_MARIAN\VANCAAMP01.LLB
Fri Apr 08 10:51:38 Saved as file D:\STUDENT\TME\2133\VANCA_RAFAEL_MARIAN\VANCAAMP01.LLB
Fri Apr 08 10:52:20 Loaded file D:\STUDENT\TME\2133\VANCA_RAFAEL_MARIAN\VANCAAMP01.LLB
Fri Apr 08 10:52:20 Saved as file D:\STUDENT\TME\2133\VANCA_RAFAEL_MARIAN\VANCAAMP01.LLB
Fri Apr 08 10:52:22 Loaded file D:\STUDENT\TME\2133\VANCA_RAFAEL_MARIAN\VANCAAMP01.LLB
Fri Apr 08 10:52:22 Saved as file D:\STUDENT\TME\2133\VANCA_RAFAEL_MARIAN\VANCAAMP01.LLB
Fri Apr 15 09:58:32 Saved as file D:\STUDENT\TME\2133\VANCA_RAFAEL_MARIAN\ATTINY_SMD01.MAX
Fri Apr 15 09:59:21 Loaded file D:\STUDENT\TME\2131\CURCANUDAVID\COPIE.LLB
Fri Apr 15 09:59:21 Loaded file d:\pf_orcad\Layout\library\padstack.llb
Fri Apr 15 10:00:53 Loaded file D:\STUDENT\TME\2131\CURCANUDAVID\COPIE.LLB
Fri Apr 15 10:00:53 Loaded file d:\pf_orcad\Layout\library\padstack.llb
Fri Apr 15 10:01:01 Loaded file D:\STUDENT\TME\2131\CURCANUDAVID\COPIE.LLB
Fri Apr 15 10:01:01 Loaded file d:\pf_orcad\Layout\library\padstack.llb
Fri Apr 15 10:01:06 Loaded file D:\STUDENT\TME\2131\CURCANUDAVID\COPIE.LLB
Fri Apr 15 10:01:06 Loaded file d:\pf_orcad\Layout\library\padstack.llb
Fri Apr 15 10:01:11 Loaded file D:\STUDENT\TME\2131\CURCANUDAVID\COPIE.LLB
Fri Apr 15 10:01:11 Loaded file d:\pf_orcad\Layout\library\padstack.llb
Fri Apr 15 10:01:15 Loaded file D:\STUDENT\TME\2131\CURCANUDAVID\COPIE.LLB
Fri Apr 15 10:01:15 Loaded file d:\pf_orcad\Layout\library\padstack.llb
Fri Apr 15 10:01:20 Loaded file D:\STUDENT\TME\2131\CURCANUDAVID\COPIE.LLB
Fri Apr 15 10:01:20 Loaded file d:\pf_orcad\Layout\library\padstack.llb
Fri Apr 15 10:01:24 Loaded file D:\STUDENT\TME\2131\CURCANUDAVID\COPIE.LLB
Fri Apr 15 10:01:24 Loaded file d:\pf_orcad\Layout\library\padstack.llb
Fri Apr 15 10:01:28 Loaded file D:\STUDENT\TME\2131\CURCANUDAVID\COPIE.LLB
Fri Apr 15 10:01:28 Loaded file d:\pf_orcad\Layout\library\padstack.llb
Fri Apr 15 10:01:34 Loaded file D:\STUDENT\TME\2131\CURCANUDAVID\COPIE.LLB
Fri Apr 15 10:01:34 Loaded file d:\pf_orcad\Layout\library\padstack.llb
Fri Apr 15 10:01:39 Loaded file D:\STUDENT\TME\2131\CURCANUDAVID\COPIE.LLB
Fri Apr 15 10:01:39 Loaded file d:\pf_orcad\Layout\library\padstack.llb
Fri Apr 15 10:01:44 Saved as file D:\STUDENT\TME\2133\VANCA_RAFAEL_MARIAN\ATTINY_SMD01.MAX
Fri Apr 15 10:01:46 Saved as file D:\STUDENT\TME\2133\VANCA_RAFAEL_MARIAN\ATTINY_SMD01.MAX
Fri Apr 15 10:02:46 Loaded file D:\STUDENT\TME\2133\VANCA_RAFAEL_MARIAN\VANCAAMP01.LLB
Fri Apr 15 10:02:46 Saved as file D:\STUDENT\TME\2133\VANCA_RAFAEL_MARIAN\VANCAAMP01.LLB
Fri Apr 15 10:13:47 Loaded file D:\STUDENT\TME\2133\VANCA_RAFAEL_MARIAN\VANCAAMP01.LLB
Fri Apr 15 10:13:47 Saved as file D:\STUDENT\TME\2133\VANCA_RAFAEL_MARIAN\VANCAAMP01.LLB
Fri Apr 15 10:13:50 Loaded file d:\pf_orcad\Layout\data\template.imp
Fri Apr 15 10:13:50 Loaded file d:\pf_orcad\Layout\data\template.imp
Fri Apr 15 10:17:24 Loaded file D:\STUDENT\TME\2133\VANCA_RAFAEL_MARIAN\VANCAAMP01.LLB
Fri Apr 15 10:17:24 Saved as file D:\STUDENT\TME\2133\VANCA_RAFAEL_MARIAN\VANCAAMP01.LLB
Fri Apr 15 10:17:51 Loaded file D:\STUDENT\TME\2133\VANCA_RAFAEL_MARIAN\VANCAAMP01.LLB
Fri Apr 15 10:17:51 Saved as file D:\STUDENT\TME\2133\VANCA_RAFAEL_MARIAN\VANCAAMP01.LLB
Fri Apr 15 10:18:28 Loaded file D:\STUDENT\TME\2133\VANCA_RAFAEL_MARIAN\VANCAAMP01.LLB
Fri Apr 15 10:18:28 Saved as file D:\STUDENT\TME\2133\VANCA_RAFAEL_MARIAN\VANCAAMP01.LLB
Fri Apr 15 10:20:58 Loaded file D:\STUDENT\TME\2133\VANCA_RAFAEL_MARIAN\VANCAAMP01.LLB
Fri Apr 15 10:20:58 Saved as file D:\STUDENT\TME\2133\VANCA_RAFAEL_MARIAN\VANCAAMP01.LLB
Fri Apr 15 10:26:14 Loaded file D:\STUDENT\TME\2133\VANCA_RAFAEL_MARIAN\VANCAAMP01.LLB
Fri Apr 15 10:26:14 Saved as file D:\STUDENT\TME\2133\VANCA_RAFAEL_MARIAN\VANCAAMP01.LLB
Fri Apr 15 10:30:08 Loaded file D:\STUDENT\TME\2133\VANCA_RAFAEL_MARIAN\VANCAAMP01.LLB
Fri Apr 15 10:30:08 Saved as file D:\STUDENT\TME\2133\VANCA_RAFAEL_MARIAN\VANCAAMP01.LLB
Fri Apr 15 10:30:21 Loaded file D:\STUDENT\TME\2131\CURCANUDAVID\COPIE.LLB
Fri Apr 15 10:30:26 Loaded file D:\STUDENT\TME\2133\VANCA_RAFAEL_MARIAN\VANCAAMP01.LLB
Fri Apr 15 10:31:07 Loaded file D:\STUDENT\TME\2131\CURCANUDAVID\COPIE.LLB
Fri Apr 15 10:31:12 Loaded file d:\pf_orcad\Layout\data\template.imp
Fri Apr 15 10:31:14 Loaded file d:\pf_orcad\Layout\data\template.imp
Fri Apr 15 10:31:27 Loaded file d:\pf_orcad\Layout\data\template.imp
Fri Apr 15 10:31:44 Loaded file D:\STUDENT\TME\2133\VANCA_RAFAEL_MARIAN\VANCAAMP01.LLB
Fri Apr 15 10:31:47 Loaded file D:\STUDENT\TME\2131\CURCANUDAVID\COPIE.LLB
Fri Apr 15 10:31:47 Saved as file D:\STUDENT\TME\2131\CURCANUDAVID\COPIE.LLB
Fri Apr 15 10:31:57 Loaded file d:\pf_orcad\Layout\data\template.imp
Fri Apr 15 10:32:03 Loaded file D:\STUDENT\TME\2131\CURCANUDAVID\COPIE.LLB
Fri Apr 15 10:32:19 Loaded file D:\STUDENT\TME\2133\VANCA_RAFAEL_MARIAN\VANCAAMP01.LLB
Fri Apr 15 10:32:19 Saved as file D:\STUDENT\TME\2133\VANCA_RAFAEL_MARIAN\VANCAAMP01.LLB
Fri Apr 15 10:32:19 Loaded file d:\pf_orcad\Layout\data\template.imp
Fri Apr 15 10:32:32 Loaded file D:\STUDENT\TME\2131\CURCANUDAVID\COPIE.LLB
Fri Apr 15 10:32:32 Loaded file d:\pf_orcad\Layout\library\padstack.llb
Fri Apr 15 10:32:42 Loaded file D:\STUDENT\TME\2133\VANCA_RAFAEL_MARIAN\VANCAAMP01.LLB
Fri Apr 15 10:32:44 Loaded file d:\pf_orcad\Layout\data\template.imp
Fri Apr 15 10:33:09 Loaded file D:\STUDENT\TME\2131\CURCANUDAVID\COPIE.LLB
Fri Apr 15 10:33:09 Loaded file d:\pf_orcad\Layout\library\padstack.llb
Fri Apr 15 10:33:50 Loaded file D:\STUDENT\TME\2131\CURCANUDAVID\COPIE.LLB
Fri Apr 15 10:33:50 Loaded file d:\pf_orcad\Layout\library\padstack.llb
Fri Apr 15 10:35:36 Loaded file D:\STUDENT\TME\2133\VANCA_RAFAEL_MARIAN\VANCAAMP01.LLB
Fri Apr 15 10:35:36 Saved as file D:\STUDENT\TME\2133\VANCA_RAFAEL_MARIAN\VANCAAMP01.LLB
Fri Apr 15 10:35:36 Loaded file d:\pf_orcad\Layout\data\template.imp
Fri Apr 15 10:35:54 Loaded file D:\STUDENT\TME\2133\VANCA_RAFAEL_MARIAN\VANCAAMP01.LLB
Fri Apr 15 10:35:54 Saved as file D:\STUDENT\TME\2133\VANCA_RAFAEL_MARIAN\VANCAAMP01.LLB
Fri Apr 15 10:36:36 Loaded file D:\STUDENT\TME\2131\CURCANUDAVID\COPIE.LLB
Fri Apr 15 10:36:36 Loaded file d:\pf_orcad\Layout\library\padstack.llb
Fri Apr 15 10:36:40 Loaded file D:\STUDENT\TME\2131\CURCANUDAVID\COPIE.LLB
Fri Apr 15 10:36:40 Loaded file d:\pf_orcad\Layout\library\padstack.llb
Fri Apr 15 10:36:43 Loaded file D:\STUDENT\TME\2131\CURCANUDAVID\COPIE.LLB
Fri Apr 15 10:36:43 Loaded file d:\pf_orcad\Layout\library\padstack.llb
Fri Apr 15 10:37:02 Loaded file D:\STUDENT\TME\2131\CURCANUDAVID\COPIE.LLB
Fri Apr 15 10:37:02 Loaded file d:\pf_orcad\Layout\library\padstack.llb
Fri Apr 15 10:37:19 Loaded file D:\STUDENT\TME\2131\CURCANUDAVID\COPIE.LLB
Fri Apr 15 10:37:19 Loaded file d:\pf_orcad\Layout\library\padstack.llb
Fri Apr 15 10:37:27 Loaded file D:\STUDENT\TME\2131\CURCANUDAVID\COPIE.LLB
Fri Apr 15 10:37:27 Loaded file d:\pf_orcad\Layout\library\padstack.llb
Fri Apr 15 10:37:33 Loaded file D:\STUDENT\TME\2131\CURCANUDAVID\COPIE.LLB
Fri Apr 15 10:37:33 Loaded file d:\pf_orcad\Layout\library\padstack.llb
Fri Apr 15 10:37:36 Loaded file D:\STUDENT\TME\2131\CURCANUDAVID\COPIE.LLB
Fri Apr 15 10:37:36 Loaded file d:\pf_orcad\Layout\library\padstack.llb
Fri Apr 15 10:37:42 Loaded file D:\STUDENT\TME\2131\CURCANUDAVID\COPIE.LLB
Fri Apr 15 10:37:42 Loaded file d:\pf_orcad\Layout\library\padstack.llb
Fri Apr 15 10:37:46 Loaded file D:\STUDENT\TME\2131\CURCANUDAVID\COPIE.LLB
Fri Apr 15 10:37:46 Loaded file d:\pf_orcad\Layout\library\padstack.llb
Fri Apr 15 10:37:51 Loaded file D:\STUDENT\TME\2131\CURCANUDAVID\COPIE.LLB
Fri Apr 15 10:37:51 Loaded file d:\pf_orcad\Layout\library\padstack.llb
Fri Apr 15 10:37:55 Loaded file D:\STUDENT\TME\2131\CURCANUDAVID\COPIE.LLB
Fri Apr 15 10:37:55 Loaded file d:\pf_orcad\Layout\library\padstack.llb
Fri Apr 15 10:37:59 Loaded file D:\STUDENT\TME\2131\CURCANUDAVID\COPIE.LLB
Fri Apr 15 10:37:59 Loaded file d:\pf_orcad\Layout\library\padstack.llb
Fri Apr 15 10:38:02 Loaded file D:\STUDENT\TME\2131\CURCANUDAVID\COPIE.LLB
Fri Apr 15 10:38:02 Loaded file d:\pf_orcad\Layout\library\padstack.llb
Fri Apr 15 10:40:44 Loaded file D:\STUDENT\TME\2133\VANCA_RAFAEL_MARIAN\VANCAAMP01.LLB
Fri Apr 15 10:40:44 Saved as file D:\STUDENT\TME\2133\VANCA_RAFAEL_MARIAN\VANCAAMP01.LLB
Fri Apr 15 10:41:05 Loaded file d:\pf_orcad\Layout\data\template.imp
Fri Apr 15 10:41:06 Loaded file d:\pf_orcad\Layout\data\template.imp
Fri Apr 15 10:41:28 Loaded file d:\pf_orcad\Layout\data\template.imp
Fri Apr 15 10:41:29 Loaded file d:\pf_orcad\Layout\data\template.imp
Fri Apr 15 10:41:30 Loaded file d:\pf_orcad\Layout\data\template.imp
Fri Apr 15 10:41:32 Loaded file d:\pf_orcad\Layout\data\template.imp
Fri Apr 15 10:41:49 Loaded file D:\STUDENT\TME\2133\VANCA_RAFAEL_MARIAN\VANCAAMP01.LLB
Fri Apr 15 10:41:49 Saved as file D:\STUDENT\TME\2133\VANCA_RAFAEL_MARIAN\VANCAAMP01.LLB
Fri Apr 15 10:41:49 Loaded file D:\STUDENT\TME\2133\VANCA_RAFAEL_MARIAN\VANCAAMP01.LLB
Fri Apr 15 10:41:49 Saved as file D:\STUDENT\TME\2133\VANCA_RAFAEL_MARIAN\VANCAAMP01.LLB
Fri Apr 15 10:41:49 Loaded file D:\STUDENT\TME\2133\VANCA_RAFAEL_MARIAN\VANCAAMP01.LLB
Fri Apr 15 10:41:49 Saved as file D:\STUDENT\TME\2133\VANCA_RAFAEL_MARIAN\VANCAAMP01.LLB
Fri Apr 15 10:41:50 Loaded file d:\pf_orcad\Layout\data\template.imp
Fri Apr 15 10:41:52 Loaded file d:\pf_orcad\Layout\data\template.imp
Fri Apr 15 10:41:53 Loaded file D:\STUDENT\TME\2133\VANCA_RAFAEL_MARIAN\VANCAAMP01.LLB
Fri Apr 15 10:41:53 Saved as file D:\STUDENT\TME\2133\VANCA_RAFAEL_MARIAN\VANCAAMP01.LLB
Fri Apr 15 10:41:53 Loaded file D:\STUDENT\TME\2133\VANCA_RAFAEL_MARIAN\VANCAAMP01.LLB
Fri Apr 15 10:41:53 Saved as file D:\STUDENT\TME\2133\VANCA_RAFAEL_MARIAN\VANCAAMP01.LLB
Fri Apr 15 10:41:54 Loaded file d:\pf_orcad\Layout\data\template.imp
Fri Apr 15 10:41:55 Loaded file D:\STUDENT\TME\2133\VANCA_RAFAEL_MARIAN\VANCAAMP01.LLB
Fri Apr 15 10:41:55 Saved as file D:\STUDENT\TME\2133\VANCA_RAFAEL_MARIAN\VANCAAMP01.LLB
Fri Apr 15 10:41:56 Loaded file d:\pf_orcad\Layout\data\template.imp
Fri Apr 15 10:41:57 Loaded file D:\STUDENT\TME\2133\VANCA_RAFAEL_MARIAN\VANCAAMP01.LLB
Fri Apr 15 10:41:57 Saved as file D:\STUDENT\TME\2133\VANCA_RAFAEL_MARIAN\VANCAAMP01.LLB
Fri Apr 15 10:41:58 Saved as file D:\STUDENT\TME\2133\VANCA_RAFAEL_MARIAN\ATTINY_SMD01.MAX
Fri May 06 09:22:17 Saved as file D:\STUDENT\TME\2133\VANCA_RAFAEL_MARIAN\LABORATOR1.MAX
Fri May 06 09:22:17 Saved as file BACKUP1.MAX
Fri May 06 09:22:17 Saved as file D:\STUDENT\TME\2133\VANCA_RAFAEL_MARIAN\LABORATOR1.MAX
Fri May 06 09:22:18 UserDiv from Layout.INI for AutoECO: 60
Fri May 06 09:22:18 Loaded file D:\STUDENT\TME\2133\VANCA_RAFAEL_MARIAN\LABORATOR1.MAX
Fri May 06 09:22:18 Loaded file D:\STUDENT\TME\2133\CHINDRIS_MARIUS_RAZVAN\ATTINY.LLB
Fri May 06 09:22:18 Loaded file D:\STUDENT\TME\2133\CHINDRIS_MARIUS_RAZVAN\AD7705.LLB
Fri May 06 09:22:18 Loaded file D:\STUDENT\TME\2133\VANCA_RAFAEL_MARIAN\VANCAAMP01.LLB
Fri May 06 09:22:18 Loaded file D:\STUDENT\TME\2133\CHINDRIS_MARIUS_RAZVAN\AT.LLB
Fri May 06 09:22:18 Loaded file D:\STUDENT\TME\2131\CURCANUDAVID\COPIE.LLB
Fri May 06 09:22:18 Loaded file D:\STUDENT\TME\2132\BREAZGEORGE\AMPRENTEBGI\AMPRENTEBGI.LLB
Fri May 06 09:22:18 Loaded file D:\STUDENT\TME\2133\KINZERSKA_IRYNA\AMPRENTE.LLB
Fri May 06 09:22:18 Loaded file C:\USERS\STUDENT\DOWNLOADS\LIVIU.LLB
Fri May 06 09:22:18 Loaded file D:\PF_ORCAD\LAYOUT\LIBRARY\EMPTY.LLB
Fri May 06 09:22:18 Loaded file D:\PF_ORCAD\LAYOUT\LIBRARY\EX_GUI.LLB
Fri May 06 09:22:18 Loaded file D:\PF_ORCAD\LAYOUT\LIBRARY\METRIC.LLB
Fri May 06 09:22:18 Loaded file D:\PF_ORCAD\LAYOUT\LIBRARY\PADSTACK.LLB
Fri May 06 09:22:20 Loaded file E:\TME CAT S-O PUTUT\LIB2\LAYOU2T.LLB
Fri May 06 09:22:20 Loaded file d:\pf_orcad\Layout\library\BCON100T.llb
Fri May 06 09:22:20 Loaded file d:\pf_orcad\Layout\library\BCON156T.llb
Fri May 06 09:22:20 Loaded file d:\pf_orcad\Layout\library\BGA.llb
Fri May 06 09:22:20 Loaded file d:\pf_orcad\Layout\library\CLCC.llb
Fri May 06 09:22:20 Loaded file d:\pf_orcad\Layout\library\DCON050T.llb
Fri May 06 09:22:20 Loaded file d:\pf_orcad\Layout\library\DCON085T.llb
Fri May 06 09:22:20 Loaded file d:\pf_orcad\Layout\library\DIMM050F.llb
Fri May 06 09:22:20 Loaded file d:\pf_orcad\Layout\library\DIMM050T.llb
Fri May 06 09:22:20 Loaded file d:\pf_orcad\Layout\library\DIN.llb
Fri May 06 09:22:20 Loaded file d:\pf_orcad\Layout\library\DIP100B.llb
Fri May 06 09:22:20 Loaded file d:\pf_orcad\Layout\library\DIP100T.llb
Fri May 06 09:22:20 Loaded file d:\pf_orcad\Layout\library\DSUBT.llb
Fri May 06 09:22:20 Loaded file d:\pf_orcad\Layout\library\DSUBT_HD.LLB
Fri May 06 09:22:20 Loaded file d:\pf_orcad\Layout\library\ECON100T.llb
Fri May 06 09:22:20 Loaded file d:\pf_orcad\Layout\library\FBUS.llb
Fri May 06 09:22:20 Loaded file d:\pf_orcad\Layout\library\ISA.llb
Fri May 06 09:22:20 Loaded file d:\pf_orcad\Layout\library\JUMPER.LLB
Fri May 06 09:22:20 Loaded file d:\pf_orcad\Layout\library\LAYOUT.llb
Fri May 06 09:22:20 Loaded file d:\pf_orcad\Layout\library\LCON100T.llb
Fri May 06 09:22:20 Loaded file d:\pf_orcad\Layout\library\PC104.llb
Fri May 06 09:22:20 Loaded file d:\pf_orcad\Layout\library\PCI.llb
Fri May 06 09:22:20 Loaded file d:\pf_orcad\Layout\library\PCON100T.llb
Fri May 06 09:22:20 Loaded file d:\pf_orcad\Layout\library\PCON156T.llb
Fri May 06 09:22:20 Loaded file d:\pf_orcad\Layout\library\PGA.llb
Fri May 06 09:22:20 Loaded file d:\pf_orcad\Layout\library\PLCC.llb
Fri May 06 09:22:20 Loaded file d:\pf_orcad\Layout\library\QUAD.llb
Fri May 06 09:22:20 Loaded file d:\pf_orcad\Layout\library\QUADB.llb
Fri May 06 09:22:20 Loaded file d:\pf_orcad\Layout\library\RELAY.llb
Fri May 06 09:22:20 Loaded file d:\pf_orcad\Layout\library\RF.llb
Fri May 06 09:22:20 Loaded file d:\pf_orcad\Layout\library\SBUS.llb
Fri May 06 09:22:20 Loaded file d:\pf_orcad\Layout\library\SIMM050F.llb
Fri May 06 09:22:20 Loaded file d:\pf_orcad\Layout\library\SIMM050T.llb
Fri May 06 09:22:20 Loaded file d:\pf_orcad\Layout\library\SIMM100F.llb
Fri May 06 09:22:20 Loaded file d:\pf_orcad\Layout\library\SIMM100T.llb
Fri May 06 09:22:20 Loaded file d:\pf_orcad\Layout\library\SIP.llb
Fri May 06 09:22:20 Loaded file d:\pf_orcad\Layout\library\SM.llb
Fri May 06 09:22:20 Loaded file d:\pf_orcad\Layout\library\SOG.llb
Fri May 06 09:22:20 Loaded file d:\pf_orcad\Layout\library\SOJ.llb
Fri May 06 09:22:20 Loaded file d:\pf_orcad\Layout\library\STIFF.llb
Fri May 06 09:22:20 Loaded file d:\pf_orcad\Layout\library\TELE.llb
Fri May 06 09:22:20 Loaded file d:\pf_orcad\Layout\library\TM_AXIAL.llb
Fri May 06 09:22:20 Loaded file d:\pf_orcad\Layout\library\TM_CAP_P.llb
Fri May 06 09:22:20 Loaded file d:\pf_orcad\Layout\library\TM_CYLND.llb
Fri May 06 09:22:20 Loaded file d:\pf_orcad\Layout\library\TM_DIODE.llb
Fri May 06 09:22:20 Loaded file d:\pf_orcad\Layout\library\TM_DISC.llb
Fri May 06 09:22:20 Loaded file d:\pf_orcad\Layout\library\TM_RAD.llb
Fri May 06 09:22:20 Loaded file d:\pf_orcad\Layout\library\TO.llb
Fri May 06 09:22:20 Loaded file d:\pf_orcad\Layout\library\TRAINING.LLB
Fri May 06 09:22:20 Loaded file d:\pf_orcad\Layout\library\VRES.llb
Fri May 06 09:22:20 Loaded file d:\pf_orcad\Layout\library\WCON100T.llb
Fri May 06 09:22:20 Loaded file d:\pf_orcad\Layout\library\XT.llb
Fri May 06 09:22:20 Loaded file d:\pf_orcad\Layout\library\ZIGZAG.llb
Fri May 06 09:22:20 Loaded file d:\pf_orcad\Layout\library\DIP100T.llb
Fri May 06 09:22:20 Loaded file D:\PF_ORCAD\LAYOUT\LIBRARY\EX_GUI.LLB
Fri May 06 09:22:20 Loaded file D:\PF_ORCAD\LAYOUT\LIBRARY\EX_GUI.LLB
Fri May 06 09:22:20 Loaded file C:\USERS\STUDENT\DOWNLOADS\LIVIU.LLB
Fri May 06 09:22:20 Loaded file d:\pf_orcad\Layout\library\SIP.llb
Fri May 06 09:22:20 Loaded file D:\STUDENT\TME\2133\VANCA_RAFAEL_MARIAN\VANCAAMP01.LLB
Fri May 06 09:22:20 Loaded file d:\pf_orcad\Layout\library\TO.llb
Fri May 06 09:22:20 Loaded file d:\pf_orcad\Layout\library\TM_CAP_P.llb
Fri May 06 09:22:20 Loaded file d:\pf_orcad\Layout\library\SM.llb
Fri May 06 09:22:20 Loaded file C:\USERS\STUDENT\DOWNLOADS\LIVIU.LLB
Fri May 06 09:22:20 Loaded file D:\STUDENT\TME\2133\VANCA_RAFAEL_MARIAN\VANCAAMP01.LLB
Fri May 06 09:22:20 Loaded file C:\USERS\STUDENT\DOWNLOADS\LIVIU.LLB
Fri May 06 09:22:20 Loaded file D:\PF_ORCAD\LAYOUT\LIBRARY\EX_GUI.LLB
Fri May 06 09:22:21 Loaded file D:\STUDENT\TME\2133\VANCA_RAFAEL_MARIAN\LABORATOR1.MAX
Fri May 06 09:22:21 Saved as file D:\STUDENT\TME\2133\VANCA_RAFAEL_MARIAN\LABORATOR1.MAX
Fri May 06 09:22:21 Loaded file D:\STUDENT\TME\2133\VANCA_RAFAEL_MARIAN\LABORATOR1.MAX
Fri May 06 09:25:05 Error code 5200.306
Fri May 06 09:25:05 Saved as file Backup0.max
Fri May 06 09:25:05 Windows which were open at time of error:
Fri May 06 09:25:05 	ActiveWindow: Library Manager
Fri May 06 09:25:05 End-of-list
Fri May 06 09:25:05 Loaded file BACKUP0.MAX
Fri May 06 09:25:57 Saved as file D:\STUDENT\TME\2133\VANCA_RAFAEL_MARIAN\LABORATOR1.MAX
Fri May 06 09:25:57 Saved as file BACKUP1.MAX
Fri May 06 09:25:57 Saved as file D:\STUDENT\TME\2133\VANCA_RAFAEL_MARIAN\LABORATOR1.MAX
Fri May 06 09:25:57 UserDiv from Layout.INI for AutoECO: 60
Fri May 06 09:25:57 Loaded file D:\STUDENT\TME\2133\VANCA_RAFAEL_MARIAN\LABORATOR1.MAX
Fri May 06 09:25:57 Loaded file D:\STUDENT\TME\2133\CHINDRIS_MARIUS_RAZVAN\ATTINY.LLB
Fri May 06 09:25:57 Loaded file D:\STUDENT\TME\2133\CHINDRIS_MARIUS_RAZVAN\AD7705.LLB
Fri May 06 09:25:57 Loaded file D:\STUDENT\TME\2133\VANCA_RAFAEL_MARIAN\VANCAAMP01.LLB
Fri May 06 09:25:57 Loaded file D:\STUDENT\TME\2133\CHINDRIS_MARIUS_RAZVAN\AT.LLB
Fri May 06 09:25:57 Loaded file D:\STUDENT\TME\2131\CURCANUDAVID\COPIE.LLB
Fri May 06 09:25:57 Loaded file D:\STUDENT\TME\2132\BREAZGEORGE\AMPRENTEBGI\AMPRENTEBGI.LLB
Fri May 06 09:25:57 Loaded file D:\STUDENT\TME\2133\KINZERSKA_IRYNA\AMPRENTE.LLB
Fri May 06 09:25:57 Loaded file C:\USERS\STUDENT\DOWNLOADS\LIVIU.LLB
Fri May 06 09:25:57 Loaded file D:\PF_ORCAD\LAYOUT\LIBRARY\EMPTY.LLB
Fri May 06 09:25:57 Loaded file D:\PF_ORCAD\LAYOUT\LIBRARY\EX_GUI.LLB
Fri May 06 09:25:57 Loaded file D:\PF_ORCAD\LAYOUT\LIBRARY\METRIC.LLB
Fri May 06 09:25:57 Loaded file D:\PF_ORCAD\LAYOUT\LIBRARY\PADSTACK.LLB
Fri May 06 09:25:57 Loaded file E:\TME CAT S-O PUTUT\LIB2\LAYOU2T.LLB
Fri May 06 09:25:57 Loaded file d:\pf_orcad\Layout\library\BCON100T.llb
Fri May 06 09:25:57 Loaded file d:\pf_orcad\Layout\library\BCON156T.llb
Fri May 06 09:25:57 Loaded file d:\pf_orcad\Layout\library\BGA.llb
Fri May 06 09:25:57 Loaded file d:\pf_orcad\Layout\library\CLCC.llb
Fri May 06 09:25:57 Loaded file d:\pf_orcad\Layout\library\DCON050T.llb
Fri May 06 09:25:57 Loaded file d:\pf_orcad\Layout\library\DCON085T.llb
Fri May 06 09:25:57 Loaded file d:\pf_orcad\Layout\library\DIMM050F.llb
Fri May 06 09:25:57 Loaded file d:\pf_orcad\Layout\library\DIMM050T.llb
Fri May 06 09:25:57 Loaded file d:\pf_orcad\Layout\library\DIN.llb
Fri May 06 09:25:57 Loaded file d:\pf_orcad\Layout\library\DIP100B.llb
Fri May 06 09:25:57 Loaded file d:\pf_orcad\Layout\library\DIP100T.llb
Fri May 06 09:25:57 Loaded file d:\pf_orcad\Layout\library\DSUBT.llb
Fri May 06 09:25:57 Loaded file d:\pf_orcad\Layout\library\DSUBT_HD.LLB
Fri May 06 09:25:57 Loaded file d:\pf_orcad\Layout\library\ECON100T.llb
Fri May 06 09:25:57 Loaded file d:\pf_orcad\Layout\library\FBUS.llb
Fri May 06 09:25:57 Loaded file d:\pf_orcad\Layout\library\ISA.llb
Fri May 06 09:25:57 Loaded file d:\pf_orcad\Layout\library\JUMPER.LLB
Fri May 06 09:25:57 Loaded file d:\pf_orcad\Layout\library\LAYOUT.llb
Fri May 06 09:25:57 Loaded file d:\pf_orcad\Layout\library\LCON100T.llb
Fri May 06 09:25:57 Loaded file d:\pf_orcad\Layout\library\PC104.llb
Fri May 06 09:25:57 Loaded file d:\pf_orcad\Layout\library\PCI.llb
Fri May 06 09:25:57 Loaded file d:\pf_orcad\Layout\library\PCON100T.llb
Fri May 06 09:25:57 Loaded file d:\pf_orcad\Layout\library\PCON156T.llb
Fri May 06 09:25:57 Loaded file d:\pf_orcad\Layout\library\PGA.llb
Fri May 06 09:25:57 Loaded file d:\pf_orcad\Layout\library\PLCC.llb
Fri May 06 09:25:57 Loaded file d:\pf_orcad\Layout\library\QUAD.llb
Fri May 06 09:25:57 Loaded file d:\pf_orcad\Layout\library\QUADB.llb
Fri May 06 09:25:57 Loaded file d:\pf_orcad\Layout\library\RELAY.llb
Fri May 06 09:25:57 Loaded file d:\pf_orcad\Layout\library\RF.llb
Fri May 06 09:25:57 Loaded file d:\pf_orcad\Layout\library\SBUS.llb
Fri May 06 09:25:57 Loaded file d:\pf_orcad\Layout\library\SIMM050F.llb
Fri May 06 09:25:57 Loaded file d:\pf_orcad\Layout\library\SIMM050T.llb
Fri May 06 09:25:57 Loaded file d:\pf_orcad\Layout\library\SIMM100F.llb
Fri May 06 09:25:57 Loaded file d:\pf_orcad\Layout\library\SIMM100T.llb
Fri May 06 09:25:57 Loaded file d:\pf_orcad\Layout\library\SIP.llb
Fri May 06 09:25:57 Loaded file d:\pf_orcad\Layout\library\SM.llb
Fri May 06 09:25:57 Loaded file d:\pf_orcad\Layout\library\SOG.llb
Fri May 06 09:25:57 Loaded file d:\pf_orcad\Layout\library\SOJ.llb
Fri May 06 09:25:57 Loaded file d:\pf_orcad\Layout\library\STIFF.llb
Fri May 06 09:25:57 Loaded file d:\pf_orcad\Layout\library\TELE.llb
Fri May 06 09:25:57 Loaded file d:\pf_orcad\Layout\library\TM_AXIAL.llb
Fri May 06 09:25:57 Loaded file d:\pf_orcad\Layout\library\TM_CAP_P.llb
Fri May 06 09:25:57 Loaded file d:\pf_orcad\Layout\library\TM_CYLND.llb
Fri May 06 09:25:57 Loaded file d:\pf_orcad\Layout\library\TM_DIODE.llb
Fri May 06 09:25:57 Loaded file d:\pf_orcad\Layout\library\TM_DISC.llb
Fri May 06 09:25:57 Loaded file d:\pf_orcad\Layout\library\TM_RAD.llb
Fri May 06 09:25:57 Loaded file d:\pf_orcad\Layout\library\TO.llb
Fri May 06 09:25:57 Loaded file d:\pf_orcad\Layout\library\TRAINING.LLB
Fri May 06 09:25:57 Loaded file d:\pf_orcad\Layout\library\VRES.llb
Fri May 06 09:25:57 Loaded file d:\pf_orcad\Layout\library\WCON100T.llb
Fri May 06 09:25:57 Loaded file d:\pf_orcad\Layout\library\XT.llb
Fri May 06 09:25:57 Loaded file d:\pf_orcad\Layout\library\ZIGZAG.llb
Fri May 06 09:25:57 Loaded file d:\pf_orcad\Layout\library\DIP100T.llb
Fri May 06 09:25:57 Loaded file D:\PF_ORCAD\LAYOUT\LIBRARY\EX_GUI.LLB
Fri May 06 09:25:57 Loaded file D:\PF_ORCAD\LAYOUT\LIBRARY\EX_GUI.LLB
Fri May 06 09:25:57 Loaded file C:\USERS\STUDENT\DOWNLOADS\LIVIU.LLB
Fri May 06 09:25:57 Loaded file d:\pf_orcad\Layout\library\SIP.llb
Fri May 06 09:25:57 Loaded file D:\STUDENT\TME\2133\VANCA_RAFAEL_MARIAN\VANCAAMP01.LLB
Fri May 06 09:25:57 Loaded file d:\pf_orcad\Layout\library\TO.llb
Fri May 06 09:25:57 Loaded file d:\pf_orcad\Layout\library\TM_CAP_P.llb
Fri May 06 09:25:57 Loaded file d:\pf_orcad\Layout\library\SM.llb
Fri May 06 09:25:57 Loaded file C:\USERS\STUDENT\DOWNLOADS\LIVIU.LLB
Fri May 06 09:25:57 Loaded file D:\STUDENT\TME\2133\VANCA_RAFAEL_MARIAN\VANCAAMP01.LLB
Fri May 06 09:25:57 Loaded file C:\USERS\STUDENT\DOWNLOADS\LIVIU.LLB
Fri May 06 09:25:57 Loaded file D:\PF_ORCAD\LAYOUT\LIBRARY\EX_GUI.LLB
Fri May 06 09:25:57 Saved as file D:\STUDENT\TME\2133\VANCA_RAFAEL_MARIAN\LABORATOR1.MAX
Fri May 06 09:25:57 Loaded file D:\STUDENT\TME\2133\VANCA_RAFAEL_MARIAN\LABORATOR1.MAX
Fri May 06 09:36:00 Saved as file BACKUP1.MAX
Fri May 06 09:38:48 Saved as file ~undo.max
Fri May 06 09:47:30 Saved as file BACKUP1.MAX
Fri May 06 09:57:31 Saved as file BACKUP1.MAX
Fri May 06 10:07:31 Saved as file BACKUP1.MAX
Fri May 06 10:17:31 Saved as file BACKUP1.MAX
Fri May 06 10:26:39 Saved as file ~undo.max
Fri May 06 10:29:01 Saved as file BACKUP1.MAX
Fri May 06 10:33:31 Saved as file D:\STUDENT\TME\2133\VANCA_RAFAEL_MARIAN\LABORATOR1.MAX
Fri May 06 10:33:33 Saved as file D:\STUDENT\TME\2133\VANCA_RAFAEL_MARIAN\LABORATOR1.MAX
Fri May 06 10:33:33 Saved as file D:\STUDENT\TME\2133\VANCA_RAFAEL_MARIAN\LABORATOR1.MAX
Fri May 06 10:33:36 Saved as file D:\STUDENT\TME\2133\VANCA_RAFAEL_MARIAN\LABORATOR1.MAX
Fri May 06 10:33:37 Saved as file D:\STUDENT\TME\2133\VANCA_RAFAEL_MARIAN\LABORATOR1.MAX
Fri May 13 09:21:40 Saved as file BACKUP1.MAX
Fri May 13 09:32:40 Saved as file BACKUP1.MAX
Fri May 13 09:37:23 Saved as file ~undo.max
Fri May 13 09:43:11 Saved as file BACKUP1.MAX
Fri May 13 09:53:11 Saved as file BACKUP1.MAX
Fri May 13 10:03:11 Saved as file BACKUP1.MAX
Fri May 13 10:09:03 Loaded file d:\pf_orcad\Layout\data\template.imp
Fri May 13 10:09:03 Loaded file d:\pf_orcad\Layout\data\template.imp
Fri May 13 10:09:05 Loaded file d:\pf_orcad\Layout\data\template.imp
Fri May 13 10:09:05 Loaded file d:\pf_orcad\Layout\data\template.imp
Fri May 13 10:14:41 Saved as file BACKUP1.MAX
Fri May 13 10:24:41 Saved as file BACKUP1.MAX
Fri May 13 10:37:11 Saved as file BACKUP1.MAX
Fri May 13 10:46:04 Saved as file D:\STUDENT\TME\2133\VANCA_RAFAEL_MARIAN\LABORATOR1.MAX
Fri May 13 10:46:05 Saved as file D:\STUDENT\TME\2133\VANCA_RAFAEL_MARIAN\LABORATOR1.MAX
Fri May 13 10:46:05 Saved as file D:\STUDENT\TME\2133\VANCA_RAFAEL_MARIAN\LABORATOR1.MAX
Fri May 13 10:46:07 Saved as file D:\STUDENT\TME\2133\VANCA_RAFAEL_MARIAN\LABORATOR1.MAX
Fri May 13 10:47:11 Saved as file BACKUP1.MAX
Fri May 13 10:50:31 Saved as file D:\STUDENT\TME\2133\VANCA_RAFAEL_MARIAN\LABORATOR1.MAX
Fri May 13 10:50:32 Saved as file D:\STUDENT\TME\2133\VANCA_RAFAEL_MARIAN\LABORATOR1.MAX
Fri May 13 10:50:33 Saved as file D:\STUDENT\TME\2133\VANCA_RAFAEL_MARIAN\LABORATOR1.MAX
Fri May 13 10:50:34 Saved as file D:\STUDENT\TME\2133\VANCA_RAFAEL_MARIAN\LABORATOR1.MAX
Fri May 13 10:50:35 Saved as file D:\STUDENT\TME\2133\VANCA_RAFAEL_MARIAN\LABORATOR1.MAX
Thu May 26 10:34:03 Saved as file BACKUP1.MAX
Thu May 26 10:34:03 Saved as file D:\STUDENT\TME\2133\VANCA RAFAEL MARIAN\VANCA_RAFAEL_MARIAN\LABORATOR1.MAX
Thu May 26 10:34:03 UserDiv from Layout.INI for AutoECO: 60
Thu May 26 10:34:03 Loaded file D:\STUDENT\TME\2133\VANCA RAFAEL MARIAN\VANCA_RAFAEL_MARIAN\LABORATOR1.MAX
Thu May 26 10:34:03 Loaded file D:\STUDENT\TME\2133\COPOS_RAZVAN\AD7705SMD.LLB
Thu May 26 10:34:03 Loaded file D:\STUDENT\TME\2133\COPOS_RAZVAN\ATTINY2313SMDD.LLB
Thu May 26 10:34:03 Loaded file D:\STUDENT\TME\2133\COPOS_RAZVAN\AD.LLB
Thu May 26 10:34:03 Loaded file D:\STUDENT\TME\2133\COPOS_RAZVAN\2133_1.LLB
Thu May 26 10:34:03 Loaded file D:\STUDENT\TME\2132\CSATLOS_ROBERT\AMP.LLB
Thu May 26 10:34:03 Loaded file D:\STUDENT\TME\2131\MIH_ANDREI\BLD.LLB
Thu May 26 10:34:03 Loaded file D:\STUDENT\TME\LIVIU.LLB
Thu May 26 10:34:04 Loaded file d:\PF\Layout\library\BCON100T.llb
Thu May 26 10:34:04 Loaded file d:\PF\Layout\library\BCON156T.llb
Thu May 26 10:34:04 Loaded file d:\PF\Layout\library\BGA.llb
Thu May 26 10:34:04 Loaded file d:\PF\Layout\library\CLCC.llb
Thu May 26 10:34:04 Loaded file d:\PF\Layout\library\DCON050T.llb
Thu May 26 10:34:04 Loaded file d:\PF\Layout\library\DCON085T.llb
Thu May 26 10:34:04 Loaded file d:\PF\Layout\library\DIMM050F.llb
Thu May 26 10:34:04 Loaded file d:\PF\Layout\library\DIMM050T.llb
Thu May 26 10:34:04 Loaded file d:\PF\Layout\library\DIN.llb
Thu May 26 10:34:04 Loaded file d:\PF\Layout\library\DIP100B.llb
Thu May 26 10:34:04 Loaded file d:\PF\Layout\library\DIP100T.llb
Thu May 26 10:34:04 Loaded file d:\PF\Layout\library\DSUBT.llb
Thu May 26 10:34:04 Loaded file d:\PF\Layout\library\DSUBT_HD.LLB
Thu May 26 10:34:04 Loaded file d:\PF\Layout\library\ECON100T.llb
Thu May 26 10:34:04 Loaded file d:\PF\Layout\library\FBUS.llb
Thu May 26 10:34:04 Loaded file d:\PF\Layout\library\ISA.llb
Thu May 26 10:34:04 Loaded file d:\PF\Layout\library\JUMPER.LLB
Thu May 26 10:34:04 Loaded file d:\PF\Layout\library\LAYOUT.llb
Thu May 26 10:34:04 Loaded file d:\PF\Layout\library\LCON100T.llb
Thu May 26 10:34:04 Loaded file d:\PF\Layout\library\PC104.llb
Thu May 26 10:34:04 Loaded file d:\PF\Layout\library\PCI.llb
Thu May 26 10:34:04 Loaded file d:\PF\Layout\library\PCON100T.llb
Thu May 26 10:34:04 Loaded file d:\PF\Layout\library\PCON156T.llb
Thu May 26 10:34:04 Loaded file d:\PF\Layout\library\PGA.llb
Thu May 26 10:34:04 Loaded file d:\PF\Layout\library\PLCC.llb
Thu May 26 10:34:04 Loaded file d:\PF\Layout\library\QUAD.llb
Thu May 26 10:34:04 Loaded file d:\PF\Layout\library\QUADB.llb
Thu May 26 10:34:04 Loaded file d:\PF\Layout\library\RELAY.llb
Thu May 26 10:34:04 Loaded file d:\PF\Layout\library\RF.llb
Thu May 26 10:34:04 Loaded file d:\PF\Layout\library\SBUS.llb
Thu May 26 10:34:04 Loaded file d:\PF\Layout\library\SIMM050F.llb
Thu May 26 10:34:04 Loaded file d:\PF\Layout\library\SIMM050T.llb
Thu May 26 10:34:04 Loaded file d:\PF\Layout\library\SIMM100F.llb
Thu May 26 10:34:04 Loaded file d:\PF\Layout\library\SIMM100T.llb
Thu May 26 10:34:04 Loaded file d:\PF\Layout\library\SIP.llb
Thu May 26 10:34:04 Loaded file d:\PF\Layout\library\SM.llb
Thu May 26 10:34:04 Loaded file d:\PF\Layout\library\SOG.llb
Thu May 26 10:34:04 Loaded file d:\PF\Layout\library\SOJ.llb
Thu May 26 10:34:04 Loaded file d:\PF\Layout\library\STIFF.llb
Thu May 26 10:34:04 Loaded file d:\PF\Layout\library\TELE.llb
Thu May 26 10:34:04 Loaded file d:\PF\Layout\library\TM_AXIAL.llb
Thu May 26 10:34:04 Loaded file d:\PF\Layout\library\TM_CAP_P.llb
Thu May 26 10:34:04 Loaded file d:\PF\Layout\library\TM_CYLND.llb
Thu May 26 10:34:04 Loaded file d:\PF\Layout\library\TM_DIODE.llb
Thu May 26 10:34:05 Loaded file d:\PF\Layout\library\TM_DISC.llb
Thu May 26 10:34:05 Loaded file d:\PF\Layout\library\TM_RAD.llb
Thu May 26 10:34:05 Loaded file d:\PF\Layout\library\TO.llb
Thu May 26 10:34:05 Loaded file d:\PF\Layout\library\TRAINING.LLB
Thu May 26 10:34:05 Loaded file d:\PF\Layout\library\VRES.llb
Thu May 26 10:34:05 Loaded file d:\PF\Layout\library\WCON100T.llb
Thu May 26 10:34:05 Loaded file d:\PF\Layout\library\XT.llb
Thu May 26 10:34:05 Loaded file d:\PF\Layout\library\ZIGZAG.llb
Thu May 26 10:34:05 Saved as file D:\STUDENT\TME\2133\VANCA RAFAEL MARIAN\VANCA_RAFAEL_MARIAN\LABORATOR1.MAX
Thu May 26 10:34:05 Loaded file D:\STUDENT\TME\2133\VANCA RAFAEL MARIAN\VANCA_RAFAEL_MARIAN\LABORATOR1.MAX
Thu May 26 10:34:19 Loaded file D:\STUDENT\TME\2133\VANCA RAFAEL MARIAN\VANCA_RAFAEL_MARIAN\BACKUP5.MAX
Thu May 26 10:34:34 Loaded file D:\STUDENT\TME\2133\VANCA RAFAEL MARIAN\VANCA_RAFAEL_MARIAN\LABORATOR1.MAX
Thu May 26 10:46:33 Saved as file BACKUP1.MAX
Thu May 26 10:47:35 Saved as file D:\STUDENT\TME\2133\VANCA RAFAEL MARIAN\VANCA_RAFAEL_MARIAN\LABORATOR1.MAX
Thu May 26 10:47:35 Saved as file D:\STUDENT\TME\2133\VANCA RAFAEL MARIAN\VANCA_RAFAEL_MARIAN\LABORATOR1.MAX
Thu May 26 10:47:36 Saved as file D:\STUDENT\TME\2133\VANCA RAFAEL MARIAN\VANCA_RAFAEL_MARIAN\LABORATOR1.MAX
Thu May 26 10:50:37 Saved as file D:\STUDENT\TME\2133\VANCA RAFAEL MARIAN\VANCA_RAFAEL_MARIAN\LABORATOR1.MAX
Thu May 26 11:00:33 Saved as file BACKUP1.MAX
Thu May 26 11:10:31 Saved as file D:\STUDENT\TME\2133\VANCA RAFAEL MARIAN\VANCA_RAFAEL_MARIAN\LABORATOR1.MAX
Thu May 26 11:11:33 Saved as file BACKUP1.MAX
Thu May 26 11:21:33 Saved as file BACKUP1.MAX
Thu May 26 11:26:13 Saved as file D:\STUDENT\TME\2133\VANCA RAFAEL MARIAN\VANCA_RAFAEL_MARIAN\LABORATOR1.MAX
Thu May 26 11:32:33 Saved as file BACKUP1.MAX
Thu May 26 11:42:47 Saved as file D:\STUDENT\TME\2133\VANCA RAFAEL MARIAN\VANCA_RAFAEL_MARIAN\LABORATOR1.MAX
Thu May 26 11:43:33 Saved as file BACKUP1.MAX
Thu May 26 11:51:58 Saved as file D:\STUDENT\TME\2133\VANCA RAFAEL MARIAN\VANCA_RAFAEL_MARIAN\LABORATOR1.MAX
Thu May 26 11:54:33 Saved as file BACKUP1.MAX
Thu May 26 11:55:57 Saved as file D:\STUDENT\TME\2133\VANCA RAFAEL MARIAN\VANCA_RAFAEL_MARIAN\LABORATOR1.MAX
Thu May 26 11:56:24 Saved as file D:\STUDENT\TME\2133\VANCA RAFAEL MARIAN\VANCA_RAFAEL_MARIAN\LABORATOR1.MAX
Thu May 26 11:56:32 Saved as file D:\STUDENT\TME\2133\VANCA RAFAEL MARIAN\VANCA_RAFAEL_MARIAN\LABORATOR1.MAX
Thu May 26 11:56:32 Saved as file D:\STUDENT\TME\2133\VANCA RAFAEL MARIAN\VANCA_RAFAEL_MARIAN\LABORATOR1.MAX
Thu May 26 11:56:33 Saved as file D:\STUDENT\TME\2133\VANCA RAFAEL MARIAN\VANCA_RAFAEL_MARIAN\LABORATOR1.MAX
Thu May 26 11:56:34 Saved as file D:\STUDENT\TME\2133\VANCA RAFAEL MARIAN\VANCA_RAFAEL_MARIAN\LABORATOR1.MAX
Thu May 26 11:56:35 Saved as file D:\STUDENT\TME\2133\VANCA RAFAEL MARIAN\VANCA_RAFAEL_MARIAN\LABORATOR1.MAX
Fri May 27 18:51:14 Saved as file BACKUP1.MAX
Fri May 27 18:51:14 Saved as file C:\USERS\CHITA\ONEDRIVE\DESKTOP\NEW FOLDER\VANCA RAFAEL MARIAN\VANCA_RAFAEL_MARIAN\LABORATOR1.MAX
Fri May 27 18:51:15 UserDiv from Layout.INI for AutoECO: 60
Fri May 27 18:51:15 Loaded file C:\USERS\CHITA\ONEDRIVE\DESKTOP\NEW FOLDER\VANCA RAFAEL MARIAN\VANCA_RAFAEL_MARIAN\LABORATOR1.MAX
Fri May 27 18:51:15 Loaded file C:\PROGRAM FILES\ORCAD\LAYOUT\library\BCON100T.llb
Fri May 27 18:51:15 Loaded file C:\PROGRAM FILES\ORCAD\LAYOUT\library\BCON156T.llb
Fri May 27 18:51:15 Loaded file C:\PROGRAM FILES\ORCAD\LAYOUT\library\BGA.llb
Fri May 27 18:51:15 Loaded file C:\PROGRAM FILES\ORCAD\LAYOUT\library\CLCC.llb
Fri May 27 18:51:15 Loaded file C:\PROGRAM FILES\ORCAD\LAYOUT\library\DCON050T.llb
Fri May 27 18:51:15 Loaded file C:\PROGRAM FILES\ORCAD\LAYOUT\library\DCON085T.llb
Fri May 27 18:51:15 Loaded file C:\PROGRAM FILES\ORCAD\LAYOUT\library\DIMM050F.llb
Fri May 27 18:51:15 Loaded file C:\PROGRAM FILES\ORCAD\LAYOUT\library\DIMM050T.llb
Fri May 27 18:51:15 Loaded file C:\PROGRAM FILES\ORCAD\LAYOUT\library\DIN.llb
Fri May 27 18:51:15 Loaded file C:\PROGRAM FILES\ORCAD\LAYOUT\library\DIP100B.llb
Fri May 27 18:51:15 Loaded file C:\PROGRAM FILES\ORCAD\LAYOUT\library\DIP100T.llb
Fri May 27 18:51:15 Loaded file C:\PROGRAM FILES\ORCAD\LAYOUT\library\DSUBT.llb
Fri May 27 18:51:15 Loaded file C:\PROGRAM FILES\ORCAD\LAYOUT\library\DSUBT_HD.LLB
Fri May 27 18:51:15 Loaded file C:\PROGRAM FILES\ORCAD\LAYOUT\library\ECON100T.llb
Fri May 27 18:51:15 Loaded file C:\PROGRAM FILES\ORCAD\LAYOUT\library\FBUS.llb
Fri May 27 18:51:15 Loaded file C:\PROGRAM FILES\ORCAD\LAYOUT\library\ISA.llb
Fri May 27 18:51:15 Loaded file C:\PROGRAM FILES\ORCAD\LAYOUT\library\JUMPER.LLB
Fri May 27 18:51:15 Loaded file C:\PROGRAM FILES\ORCAD\LAYOUT\library\LAYOUT.llb
Fri May 27 18:51:15 Loaded file C:\PROGRAM FILES\ORCAD\LAYOUT\library\LCON100T.llb
Fri May 27 18:51:15 Loaded file C:\PROGRAM FILES\ORCAD\LAYOUT\library\PC104.llb
Fri May 27 18:51:15 Loaded file C:\PROGRAM FILES\ORCAD\LAYOUT\library\PCI.llb
Fri May 27 18:51:15 Loaded file C:\PROGRAM FILES\ORCAD\LAYOUT\library\PCON100T.llb
Fri May 27 18:51:15 Loaded file C:\PROGRAM FILES\ORCAD\LAYOUT\library\PCON156T.llb
Fri May 27 18:51:15 Loaded file C:\PROGRAM FILES\ORCAD\LAYOUT\library\PGA.llb
Fri May 27 18:51:15 Loaded file C:\PROGRAM FILES\ORCAD\LAYOUT\library\PLCC.llb
Fri May 27 18:51:15 Loaded file C:\PROGRAM FILES\ORCAD\LAYOUT\library\QUAD.llb
Fri May 27 18:51:15 Loaded file C:\PROGRAM FILES\ORCAD\LAYOUT\library\QUADB.llb
Fri May 27 18:51:15 Loaded file C:\PROGRAM FILES\ORCAD\LAYOUT\library\RELAY.llb
Fri May 27 18:51:15 Loaded file C:\PROGRAM FILES\ORCAD\LAYOUT\library\RF.llb
Fri May 27 18:51:15 Loaded file C:\PROGRAM FILES\ORCAD\LAYOUT\library\SBUS.llb
Fri May 27 18:51:15 Loaded file C:\PROGRAM FILES\ORCAD\LAYOUT\library\SIMM050F.llb
Fri May 27 18:51:15 Loaded file C:\PROGRAM FILES\ORCAD\LAYOUT\library\SIMM050T.llb
Fri May 27 18:51:15 Loaded file C:\PROGRAM FILES\ORCAD\LAYOUT\library\SIMM100F.llb
Fri May 27 18:51:15 Loaded file C:\PROGRAM FILES\ORCAD\LAYOUT\library\SIMM100T.llb
Fri May 27 18:51:15 Loaded file C:\PROGRAM FILES\ORCAD\LAYOUT\library\SIP.llb
Fri May 27 18:51:15 Loaded file C:\PROGRAM FILES\ORCAD\LAYOUT\library\SM.llb
Fri May 27 18:51:15 Loaded file C:\PROGRAM FILES\ORCAD\LAYOUT\library\SOG.llb
Fri May 27 18:51:15 Loaded file C:\PROGRAM FILES\ORCAD\LAYOUT\library\SOJ.llb
Fri May 27 18:51:15 Loaded file C:\PROGRAM FILES\ORCAD\LAYOUT\library\STIFF.llb
Fri May 27 18:51:15 Loaded file C:\PROGRAM FILES\ORCAD\LAYOUT\library\TELE.llb
Fri May 27 18:51:15 Loaded file C:\PROGRAM FILES\ORCAD\LAYOUT\library\TM_AXIAL.llb
Fri May 27 18:51:15 Loaded file C:\PROGRAM FILES\ORCAD\LAYOUT\library\TM_CAP_P.llb
Fri May 27 18:51:15 Loaded file C:\PROGRAM FILES\ORCAD\LAYOUT\library\TM_CYLND.llb
Fri May 27 18:51:15 Loaded file C:\PROGRAM FILES\ORCAD\LAYOUT\library\TM_DIODE.llb
Fri May 27 18:51:15 Loaded file C:\PROGRAM FILES\ORCAD\LAYOUT\library\TM_DISC.llb
Fri May 27 18:51:15 Loaded file C:\PROGRAM FILES\ORCAD\LAYOUT\library\TM_RAD.llb
Fri May 27 18:51:15 Loaded file C:\PROGRAM FILES\ORCAD\LAYOUT\library\TO.llb
Fri May 27 18:51:15 Loaded file C:\PROGRAM FILES\ORCAD\LAYOUT\library\TRAINING.LLB
Fri May 27 18:51:15 Loaded file C:\PROGRAM FILES\ORCAD\LAYOUT\library\VRES.llb
Fri May 27 18:51:15 Loaded file C:\PROGRAM FILES\ORCAD\LAYOUT\library\WCON100T.llb
Fri May 27 18:51:15 Loaded file C:\PROGRAM FILES\ORCAD\LAYOUT\library\XT.llb
Fri May 27 18:51:15 Loaded file C:\PROGRAM FILES\ORCAD\LAYOUT\library\ZIGZAG.llb
Fri May 27 18:51:15 Saved as file C:\USERS\CHITA\ONEDRIVE\DESKTOP\NEW FOLDER\VANCA RAFAEL MARIAN\VANCA_RAFAEL_MARIAN\LABORATOR1.MAX
Fri May 27 18:51:16 Loaded file C:\USERS\CHITA\ONEDRIVE\DESKTOP\NEW FOLDER\VANCA RAFAEL MARIAN\VANCA_RAFAEL_MARIAN\LABORATOR1.MAX
Fri May 27 19:01:34 Saved as file BACKUP1.MAX
Fri May 27 19:11:34 Saved as file BACKUP1.MAX
Fri May 27 19:21:34 Saved as file BACKUP1.MAX
Fri May 27 19:31:34 Saved as file BACKUP1.MAX
Fri May 27 19:36:21 Saved as file C:\USERS\CHITA\ONEDRIVE\DESKTOP\NEW FOLDER\VANCA RAFAEL MARIAN\VANCA_RAFAEL_MARIAN\LABORATOR1.MAX
Fri May 27 19:36:22 Saved as file C:\USERS\CHITA\ONEDRIVE\DESKTOP\NEW FOLDER\VANCA RAFAEL MARIAN\VANCA_RAFAEL_MARIAN\LABORATOR1.MAX
Fri May 27 19:41:34 Saved as file BACKUP1.MAX
Fri May 27 19:45:23 Saved as file ~undo.max
Fri May 27 19:51:34 Saved as file BACKUP1.MAX
Fri May 27 20:01:34 Saved as file BACKUP1.MAX
Fri May 27 20:08:26 Saved as file C:\USERS\CHITA\ONEDRIVE\DESKTOP\NEW FOLDER\VANCA RAFAEL MARIAN\VANCA_RAFAEL_MARIAN\LABORATOR1.MAX
Fri May 27 20:08:28 Saved as file C:\USERS\CHITA\ONEDRIVE\DESKTOP\NEW FOLDER\VANCA RAFAEL MARIAN\VANCA_RAFAEL_MARIAN\LABORATOR1.MAX
Fri May 27 20:12:34 Saved as file BACKUP1.MAX
Fri May 27 20:22:34 Saved as file BACKUP1.MAX
Fri May 27 20:34:04 Saved as file BACKUP1.MAX
Fri May 27 20:35:41 Saved as file C:\USERS\CHITA\ONEDRIVE\DESKTOP\NEW FOLDER\VANCA RAFAEL MARIAN\VANCA_RAFAEL_MARIAN\LABORATOR1.MAX
Fri May 27 20:35:41 Saved as file C:\USERS\CHITA\ONEDRIVE\DESKTOP\NEW FOLDER\VANCA RAFAEL MARIAN\VANCA_RAFAEL_MARIAN\LABORATOR1.MAX
Fri May 27 20:42:05 Saved as file C:\USERS\CHITA\ONEDRIVE\DESKTOP\NEW FOLDER\VANCA RAFAEL MARIAN\VANCA_RAFAEL_MARIAN\LABORATOR1.MAX
Fri May 27 20:42:06 Saved as file C:\USERS\CHITA\ONEDRIVE\DESKTOP\NEW FOLDER\VANCA RAFAEL MARIAN\VANCA_RAFAEL_MARIAN\LABORATOR1.MAX
Fri May 27 20:47:04 Saved as file BACKUP1.MAX
Fri May 27 20:49:27 Saved as file C:\USERS\CHITA\ONEDRIVE\DESKTOP\NEW FOLDER\VANCA RAFAEL MARIAN\VANCA_RAFAEL_MARIAN\LABORATOR1.MAX
Fri May 27 20:52:16 Saved as file C:\USERS\CHITA\ONEDRIVE\DESKTOP\NEW FOLDER\VANCA RAFAEL MARIAN\VANCA_RAFAEL_MARIAN\LABORATOR1.MAX
Fri May 27 20:58:04 Saved as file BACKUP1.MAX
Fri May 27 21:00:32 Saved as file C:\USERS\CHITA\ONEDRIVE\DESKTOP\NEW FOLDER\VANCA RAFAEL MARIAN\VANCA_RAFAEL_MARIAN\LABORATOR1.MAX
Fri May 27 21:00:33 Saved as file C:\USERS\CHITA\ONEDRIVE\DESKTOP\NEW FOLDER\VANCA RAFAEL MARIAN\VANCA_RAFAEL_MARIAN\LABORATOR1.MAX
Fri May 27 21:11:40 Saved as file BACKUP1.MAX
Fri May 27 21:18:02 Saved as file C:\USERS\CHITA\ONEDRIVE\DESKTOP\NEW FOLDER\VANCA RAFAEL MARIAN\VANCA_RAFAEL_MARIAN\LABORATOR1.MAX
Fri May 27 21:23:44 Saved as file BACKUP1.MAX
Fri May 27 21:26:53 Saved as file C:\USERS\CHITA\ONEDRIVE\DESKTOP\NEW FOLDER\VANCA RAFAEL MARIAN\VANCA_RAFAEL_MARIAN\LABORATOR1.MAX
Fri May 27 21:30:51 Saved as file C:\USERS\CHITA\ONEDRIVE\DESKTOP\NEW FOLDER\VANCA RAFAEL MARIAN\VANCA_RAFAEL_MARIAN\LABORATOR1.MAX
Fri May 27 21:31:08 Saved as file C:\USERS\CHITA\ONEDRIVE\DESKTOP\NEW FOLDER\VANCA RAFAEL MARIAN\VANCA_RAFAEL_MARIAN\LABORATOR1.MAX
Fri May 27 21:31:08 Saved as file C:\USERS\CHITA\ONEDRIVE\DESKTOP\NEW FOLDER\VANCA RAFAEL MARIAN\VANCA_RAFAEL_MARIAN\LABORATOR1.MAX
Fri May 27 21:31:10 Saved as file C:\USERS\CHITA\ONEDRIVE\DESKTOP\NEW FOLDER\VANCA RAFAEL MARIAN\VANCA_RAFAEL_MARIAN\LABORATOR1.MAX
Fri May 27 21:31:10 Saved as file C:\USERS\CHITA\ONEDRIVE\DESKTOP\NEW FOLDER\VANCA RAFAEL MARIAN\VANCA_RAFAEL_MARIAN\LABORATOR1.MAX
Fri May 27 21:31:10 Saved as file C:\USERS\CHITA\ONEDRIVE\DESKTOP\NEW FOLDER\VANCA RAFAEL MARIAN\VANCA_RAFAEL_MARIAN\LABORATOR1.MAX
Fri May 27 21:31:11 Saved as file C:\USERS\CHITA\ONEDRIVE\DESKTOP\NEW FOLDER\VANCA RAFAEL MARIAN\VANCA_RAFAEL_MARIAN\LABORATOR1.MAX
Fri May 27 21:31:14 Saved as file C:\USERS\CHITA\ONEDRIVE\DESKTOP\NEW FOLDER\VANCA RAFAEL MARIAN\VANCA_RAFAEL_MARIAN\LABORATOR1.MAX
Fri May 27 22:16:55 Saved as file BACKUP1.MAX
Fri May 27 22:16:55 Saved as file D:\FACULTATE\ANUL III\S2\TME\PROIECTTME\VANCA_RAFAEL_MARIAN\LABORATOR1.MAX
Fri May 27 22:16:55 UserDiv from Layout.INI for AutoECO: 60
Fri May 27 22:16:55 Loaded file D:\FACULTATE\ANUL III\S2\TME\PROIECTTME\VANCA_RAFAEL_MARIAN\LABORATOR1.MAX
Fri May 27 22:16:55 Loaded file C:\PROGRAM FILES\ORCAD\LAYOUT\library\BCON100T.llb
Fri May 27 22:16:55 Loaded file C:\PROGRAM FILES\ORCAD\LAYOUT\library\BCON156T.llb
Fri May 27 22:16:55 Loaded file C:\PROGRAM FILES\ORCAD\LAYOUT\library\BGA.llb
Fri May 27 22:16:55 Loaded file C:\PROGRAM FILES\ORCAD\LAYOUT\library\CLCC.llb
Fri May 27 22:16:55 Loaded file C:\PROGRAM FILES\ORCAD\LAYOUT\library\DCON050T.llb
Fri May 27 22:16:55 Loaded file C:\PROGRAM FILES\ORCAD\LAYOUT\library\DCON085T.llb
Fri May 27 22:16:55 Loaded file C:\PROGRAM FILES\ORCAD\LAYOUT\library\DIMM050F.llb
Fri May 27 22:16:55 Loaded file C:\PROGRAM FILES\ORCAD\LAYOUT\library\DIMM050T.llb
Fri May 27 22:16:55 Loaded file C:\PROGRAM FILES\ORCAD\LAYOUT\library\DIN.llb
Fri May 27 22:16:55 Loaded file C:\PROGRAM FILES\ORCAD\LAYOUT\library\DIP100B.llb
Fri May 27 22:16:55 Loaded file C:\PROGRAM FILES\ORCAD\LAYOUT\library\DIP100T.llb
Fri May 27 22:16:55 Loaded file C:\PROGRAM FILES\ORCAD\LAYOUT\library\DSUBT.llb
Fri May 27 22:16:55 Loaded file C:\PROGRAM FILES\ORCAD\LAYOUT\library\DSUBT_HD.LLB
Fri May 27 22:16:55 Loaded file C:\PROGRAM FILES\ORCAD\LAYOUT\library\ECON100T.llb
Fri May 27 22:16:55 Loaded file C:\PROGRAM FILES\ORCAD\LAYOUT\library\FBUS.llb
Fri May 27 22:16:55 Loaded file C:\PROGRAM FILES\ORCAD\LAYOUT\library\ISA.llb
Fri May 27 22:16:55 Loaded file C:\PROGRAM FILES\ORCAD\LAYOUT\library\JUMPER.LLB
Fri May 27 22:16:55 Loaded file C:\PROGRAM FILES\ORCAD\LAYOUT\library\LAYOUT.llb
Fri May 27 22:16:55 Loaded file C:\PROGRAM FILES\ORCAD\LAYOUT\library\LCON100T.llb
Fri May 27 22:16:55 Loaded file C:\PROGRAM FILES\ORCAD\LAYOUT\library\PC104.llb
Fri May 27 22:16:55 Loaded file C:\PROGRAM FILES\ORCAD\LAYOUT\library\PCI.llb
Fri May 27 22:16:55 Loaded file C:\PROGRAM FILES\ORCAD\LAYOUT\library\PCON100T.llb
Fri May 27 22:16:55 Loaded file C:\PROGRAM FILES\ORCAD\LAYOUT\library\PCON156T.llb
Fri May 27 22:16:55 Loaded file C:\PROGRAM FILES\ORCAD\LAYOUT\library\PGA.llb
Fri May 27 22:16:55 Loaded file C:\PROGRAM FILES\ORCAD\LAYOUT\library\PLCC.llb
Fri May 27 22:16:55 Loaded file C:\PROGRAM FILES\ORCAD\LAYOUT\library\QUAD.llb
Fri May 27 22:16:55 Loaded file C:\PROGRAM FILES\ORCAD\LAYOUT\library\QUADB.llb
Fri May 27 22:16:55 Loaded file C:\PROGRAM FILES\ORCAD\LAYOUT\library\RELAY.llb
Fri May 27 22:16:55 Loaded file C:\PROGRAM FILES\ORCAD\LAYOUT\library\RF.llb
Fri May 27 22:16:55 Loaded file C:\PROGRAM FILES\ORCAD\LAYOUT\library\SBUS.llb
Fri May 27 22:16:55 Loaded file C:\PROGRAM FILES\ORCAD\LAYOUT\library\SIMM050F.llb
Fri May 27 22:16:55 Loaded file C:\PROGRAM FILES\ORCAD\LAYOUT\library\SIMM050T.llb
Fri May 27 22:16:55 Loaded file C:\PROGRAM FILES\ORCAD\LAYOUT\library\SIMM100F.llb
Fri May 27 22:16:55 Loaded file C:\PROGRAM FILES\ORCAD\LAYOUT\library\SIMM100T.llb
Fri May 27 22:16:55 Loaded file C:\PROGRAM FILES\ORCAD\LAYOUT\library\SIP.llb
Fri May 27 22:16:55 Loaded file C:\PROGRAM FILES\ORCAD\LAYOUT\library\SM.llb
Fri May 27 22:16:55 Loaded file C:\PROGRAM FILES\ORCAD\LAYOUT\library\SOG.llb
Fri May 27 22:16:55 Loaded file C:\PROGRAM FILES\ORCAD\LAYOUT\library\SOJ.llb
Fri May 27 22:16:55 Loaded file C:\PROGRAM FILES\ORCAD\LAYOUT\library\STIFF.llb
Fri May 27 22:16:55 Loaded file C:\PROGRAM FILES\ORCAD\LAYOUT\library\TELE.llb
Fri May 27 22:16:55 Loaded file C:\PROGRAM FILES\ORCAD\LAYOUT\library\TM_AXIAL.llb
Fri May 27 22:16:55 Loaded file C:\PROGRAM FILES\ORCAD\LAYOUT\library\TM_CAP_P.llb
Fri May 27 22:16:55 Loaded file C:\PROGRAM FILES\ORCAD\LAYOUT\library\TM_CYLND.llb
Fri May 27 22:16:55 Loaded file C:\PROGRAM FILES\ORCAD\LAYOUT\library\TM_DIODE.llb
Fri May 27 22:16:56 Loaded file C:\PROGRAM FILES\ORCAD\LAYOUT\library\TM_DISC.llb
Fri May 27 22:16:56 Loaded file C:\PROGRAM FILES\ORCAD\LAYOUT\library\TM_RAD.llb
Fri May 27 22:16:56 Loaded file C:\PROGRAM FILES\ORCAD\LAYOUT\library\TO.llb
Fri May 27 22:16:56 Loaded file C:\PROGRAM FILES\ORCAD\LAYOUT\library\TRAINING.LLB
Fri May 27 22:16:56 Loaded file C:\PROGRAM FILES\ORCAD\LAYOUT\library\VRES.llb
Fri May 27 22:16:56 Loaded file C:\PROGRAM FILES\ORCAD\LAYOUT\library\WCON100T.llb
Fri May 27 22:16:56 Loaded file C:\PROGRAM FILES\ORCAD\LAYOUT\library\XT.llb
Fri May 27 22:16:56 Loaded file C:\PROGRAM FILES\ORCAD\LAYOUT\library\ZIGZAG.llb
Fri May 27 22:16:56 Saved as file D:\FACULTATE\ANUL III\S2\TME\PROIECTTME\VANCA_RAFAEL_MARIAN\LABORATOR1.MAX
Fri May 27 22:16:57 Loaded file D:\FACULTATE\ANUL III\S2\TME\PROIECTTME\VANCA_RAFAEL_MARIAN\LABORATOR1.MAX
Fri May 27 22:18:01 Saved as file D:\FACULTATE\ANUL III\S2\TME\PROIECTTME\VANCA_RAFAEL_MARIAN\LABORATOR1.MAX
Fri May 27 22:19:36 Saved as file D:\FACULTATE\ANUL III\S2\TME\PROIECTTME\VANCA_RAFAEL_MARIAN\LABORATOR1.MAX
Fri May 27 22:20:09 Saved as file D:\FACULTATE\ANUL III\S2\TME\PROIECTTME\VANCA_RAFAEL_MARIAN\LABORATOR1.MAX
Fri May 27 22:20:12 Saved as file D:\FACULTATE\ANUL III\S2\TME\PROIECTTME\VANCA_RAFAEL_MARIAN\LABORATOR1.MAX
